[2025-06-30T23:21:38.469Z] INFO: Server Active http://localhost:4012
[2025-06-30T23:21:38.987Z] INFO: Server Active http://localhost:4012
[2025-07-13T19:05:27.498Z] INFO: Server Active http://localhost:4012
[2025-07-13T19:05:27.998Z] INFO: Server Active http://localhost:4012
[2025-07-13T19:05:33.078Z] INFO: Security created successfully
[2025-07-13T19:05:33.114Z] INFO: [object Object]
[2025-07-13T19:05:33.594Z] INFO: Server Active http://localhost:4012
[2025-07-13T19:06:22.331Z] INFO: Security created successfully
[2025-07-13T19:06:22.372Z] INFO: [object Object]
[2025-07-13T19:06:33.087Z] INFO: Security created successfully
[2025-07-13T19:06:33.141Z] INFO: [object Object]
[2025-07-13T19:06:33.217Z] INFO: Security created successfully
[2025-07-13T19:06:33.247Z] INFO: [object Object]
[2025-07-13T19:06:35.516Z] INFO: [object Object]
[2025-07-13T19:06:35.604Z] INFO: Security created successfully
[2025-07-13T19:06:35.639Z] INFO: [object Object]
[2025-07-13T19:07:42.564Z] INFO: [object Object]
[2025-07-13T19:07:42.624Z] INFO: Security created successfully
[2025-07-13T19:07:42.642Z] INFO: [object Object]
[2025-07-13T19:07:49.131Z] INFO: Security created successfully
[2025-07-13T19:07:49.175Z] INFO: [object Object]
[2025-07-13T19:07:51.548Z] INFO: [object Object]
[2025-07-13T19:07:51.602Z] INFO: Security created successfully
[2025-07-13T19:07:51.618Z] INFO: [object Object]
[2025-07-13T19:07:54.684Z] INFO: Security created successfully
[2025-07-13T19:07:54.700Z] INFO: [object Object]
[2025-07-13T19:08:02.006Z] INFO: Security created successfully
[2025-07-13T19:08:02.030Z] INFO: [object Object]
[2025-07-13T19:08:16.377Z] INFO: Security created successfully
[2025-07-13T19:08:16.393Z] INFO: [object Object]
[2025-07-13T19:08:26.466Z] INFO: Security created successfully
[2025-07-13T19:08:26.489Z] INFO: [object Object]
[2025-07-13T19:08:26.535Z] INFO: Security created successfully
[2025-07-13T19:08:26.549Z] INFO: [object Object]
[2025-07-13T19:08:27.898Z] INFO: [object Object]
[2025-07-13T19:08:27.953Z] INFO: Security created successfully
[2025-07-13T19:08:27.967Z] INFO: [object Object]
[2025-07-13T19:08:34.566Z] INFO: [object Object]
[2025-07-13T19:09:04.373Z] INFO: Security created successfully
[2025-07-13T19:09:04.383Z] INFO: [object Object]
[2025-07-13T19:09:13.771Z] INFO: Security created successfully
[2025-07-13T19:09:13.782Z] INFO: [object Object]
[2025-07-13T19:09:13.818Z] INFO: Security created successfully
[2025-07-13T19:09:13.833Z] INFO: [object Object]
[2025-07-13T19:24:08.894Z] INFO: [object Object]
[2025-07-13T19:24:08.992Z] INFO: [object Object]
[2025-07-13T19:24:09.001Z] INFO: Security created successfully
[2025-07-13T19:24:12.053Z] INFO: [object Object]
[2025-07-13T19:24:12.062Z] INFO: Security created successfully
[2025-07-13T19:24:15.105Z] INFO: [object Object]
[2025-07-13T19:24:15.113Z] INFO: Security created successfully
[2025-07-13T19:24:18.163Z] INFO: [object Object]
[2025-07-13T19:24:18.172Z] INFO: Security created successfully
[2025-07-13T19:24:21.206Z] INFO: [object Object]
[2025-07-13T19:24:21.209Z] INFO: Security created successfully
[2025-07-13T19:24:24.240Z] INFO: [object Object]
[2025-07-13T19:24:24.243Z] INFO: Security created successfully
[2025-07-13T19:24:27.393Z] INFO: [object Object]
[2025-07-13T19:24:27.482Z] INFO: [object Object]
[2025-07-13T19:24:27.490Z] INFO: Security created successfully
[2025-07-13T19:24:30.530Z] INFO: [object Object]
[2025-07-13T19:24:30.533Z] INFO: Security created successfully
[2025-07-13T19:24:33.688Z] INFO: [object Object]
[2025-07-13T19:24:33.691Z] INFO: Security created successfully
[2025-07-13T19:24:37.666Z] INFO: [object Object]
[2025-07-13T19:24:37.669Z] INFO: Security created successfully
[2025-07-13T19:24:41.670Z] INFO: [object Object]
[2025-07-13T19:24:41.674Z] INFO: Security created successfully
[2025-07-13T19:24:45.675Z] INFO: [object Object]
[2025-07-13T19:24:45.678Z] INFO: Security created successfully
[2025-07-13T19:24:49.670Z] INFO: [object Object]
[2025-07-13T19:24:49.759Z] INFO: [object Object]
[2025-07-13T19:24:49.767Z] INFO: Security created successfully
[2025-07-13T19:24:53.763Z] INFO: [object Object]
[2025-07-13T19:24:53.767Z] INFO: Security created successfully
[2025-07-13T19:24:57.676Z] INFO: [object Object]
[2025-07-13T19:24:57.679Z] INFO: Security created successfully
[2025-07-13T19:25:00.542Z] INFO: [object Object]
[2025-07-13T19:25:00.600Z] INFO: [object Object]
[2025-07-13T19:25:00.603Z] INFO: Security created successfully
[2025-07-13T19:25:03.681Z] INFO: [object Object]
[2025-07-13T19:25:03.684Z] INFO: Security created successfully
[2025-07-13T19:25:04.337Z] INFO: [object Object]
[2025-07-13T19:25:04.340Z] INFO: [object Object]
[2025-07-13T19:25:04.342Z] INFO: [object Object]
[2025-07-13T19:25:04.344Z] INFO: [object Object]
[2025-07-13T19:25:04.347Z] INFO: [object Object]
[2025-07-13T19:25:04.401Z] INFO: [object Object]
[2025-07-13T19:25:04.403Z] INFO: [object Object]
[2025-07-13T19:25:04.406Z] INFO: [object Object]
[2025-07-13T19:25:04.409Z] INFO: [object Object]
[2025-07-13T19:25:04.413Z] INFO: [object Object]
[2025-07-13T19:25:04.418Z] INFO: [object Object]
[2025-07-13T19:25:04.427Z] INFO: [object Object]
[2025-07-13T19:25:05.307Z] INFO: [object Object]
[2025-07-13T19:25:05.309Z] INFO: [object Object]
[2025-07-13T19:25:05.310Z] INFO: [object Object]
[2025-07-13T19:25:14.165Z] INFO: [object Object]
[2025-07-13T19:25:14.168Z] INFO: Security created successfully
[2025-07-13T19:25:14.191Z] INFO: [object Object]
[2025-07-13T19:25:19.114Z] INFO: [object Object]
[2025-07-13T19:25:19.116Z] INFO: Security created successfully
[2025-07-13T19:25:19.133Z] INFO: [object Object]
[2025-07-13T19:25:38.861Z] INFO: [object Object]
[2025-07-13T19:25:38.867Z] INFO: Security created successfully
[2025-07-13T19:25:38.914Z] INFO: [object Object]
[2025-07-13T19:25:38.971Z] INFO: [object Object]
[2025-07-13T19:25:39.021Z] INFO: [object Object]
[2025-07-13T19:25:39.027Z] INFO: Security created successfully
[2025-07-13T19:25:39.036Z] INFO: [object Object]
[2025-07-13T19:25:42.098Z] INFO: [object Object]
[2025-07-13T19:25:42.113Z] INFO: Security created successfully
[2025-07-13T19:25:42.136Z] INFO: [object Object]
[2025-07-13T19:25:42.188Z] INFO: [object Object]
[2025-07-13T19:25:42.191Z] INFO: Security created successfully
[2025-07-13T19:25:42.200Z] INFO: [object Object]
[2025-07-13T19:25:52.623Z] INFO: [object Object]
[2025-07-13T19:25:52.625Z] INFO: Security created successfully
[2025-07-13T19:25:52.638Z] INFO: [object Object]
[2025-07-13T19:25:54.857Z] INFO: [object Object]
[2025-07-13T19:25:54.862Z] INFO: Security created successfully
[2025-07-13T19:25:54.875Z] INFO: [object Object]
[2025-07-13T19:26:05.348Z] INFO: [object Object]
[2025-07-13T19:26:05.351Z] INFO: [object Object]
[2025-07-13T19:26:05.353Z] INFO: [object Object]
[2025-07-13T19:26:05.355Z] INFO: [object Object]
[2025-07-13T19:26:05.358Z] INFO: [object Object]
[2025-07-13T19:26:07.659Z] INFO: [object Object]
[2025-07-13T19:26:07.663Z] INFO: Security created successfully
[2025-07-13T19:26:07.673Z] INFO: [object Object]
[2025-07-13T19:26:09.633Z] INFO: [object Object]
[2025-07-13T19:26:09.635Z] INFO: Security created successfully
[2025-07-13T19:26:09.646Z] INFO: [object Object]
[2025-07-13T19:26:20.110Z] INFO: [object Object]
[2025-07-13T19:26:20.116Z] INFO: Security created successfully
[2025-07-13T19:26:20.160Z] INFO: [object Object]
[2025-07-13T19:26:20.192Z] INFO: [object Object]
[2025-07-13T19:26:20.257Z] INFO: [object Object]
[2025-07-13T19:26:20.260Z] INFO: Security created successfully
[2025-07-13T19:26:20.269Z] INFO: [object Object]
[2025-07-13T19:26:23.325Z] INFO: [object Object]
[2025-07-13T19:26:23.336Z] INFO: Security created successfully
[2025-07-13T19:26:23.357Z] INFO: [object Object]
[2025-07-13T19:26:28.022Z] INFO: [object Object]
[2025-07-13T19:26:28.026Z] INFO: Security created successfully
[2025-07-13T19:26:28.052Z] INFO: [object Object]
[2025-07-13T19:26:28.121Z] INFO: [object Object]
[2025-07-13T19:26:28.174Z] INFO: [object Object]
[2025-07-13T19:26:28.178Z] INFO: Security created successfully
[2025-07-13T19:26:28.186Z] INFO: [object Object]
[2025-07-13T19:26:31.220Z] INFO: [object Object]
[2025-07-13T19:26:31.232Z] INFO: Security created successfully
[2025-07-13T19:26:31.247Z] INFO: [object Object]
[2025-07-13T19:26:31.310Z] INFO: [object Object]
[2025-07-13T19:26:31.320Z] INFO: Security created successfully
[2025-07-13T19:26:31.333Z] INFO: [object Object]
[2025-07-13T19:26:41.276Z] INFO: [object Object]
[2025-07-13T19:26:41.344Z] INFO: [object Object]
[2025-07-13T19:26:41.351Z] INFO: Security created successfully
[2025-07-13T19:26:41.362Z] INFO: [object Object]
[2025-07-13T19:26:44.404Z] INFO: [object Object]
[2025-07-13T19:26:44.414Z] INFO: Security created successfully
[2025-07-13T19:26:44.431Z] INFO: [object Object]
[2025-07-13T19:26:44.478Z] INFO: [object Object]
[2025-07-13T19:26:44.484Z] INFO: Security created successfully
[2025-07-13T19:26:44.495Z] INFO: [object Object]
[2025-07-13T19:27:01.069Z] INFO: [object Object]
[2025-07-13T19:27:01.073Z] INFO: Security created successfully
[2025-07-13T19:27:01.104Z] INFO: [object Object]
[2025-07-13T19:27:35.511Z] INFO: [object Object]
[2025-07-13T19:29:20.731Z] INFO: [object Object]
[2025-07-13T19:29:20.807Z] INFO: [object Object]
[2025-07-13T19:29:20.813Z] INFO: Security created successfully
[2025-07-13T19:29:20.824Z] INFO: [object Object]
[2025-07-13T19:29:20.849Z] INFO: [object Object]
[2025-07-13T19:29:20.853Z] INFO: Security created successfully
[2025-07-13T19:29:20.865Z] INFO: [object Object]
[2025-07-13T19:29:20.884Z] INFO: [object Object]
[2025-07-13T19:29:20.887Z] INFO: Security created successfully
[2025-07-13T19:29:20.894Z] INFO: [object Object]
[2025-07-13T19:29:20.906Z] INFO: [object Object]
[2025-07-13T19:29:20.909Z] INFO: Security created successfully
[2025-07-13T19:29:20.918Z] INFO: [object Object]
[2025-07-13T19:29:20.933Z] INFO: [object Object]
[2025-07-13T19:29:20.936Z] INFO: Security created successfully
[2025-07-13T19:29:20.942Z] INFO: [object Object]
[2025-07-13T19:29:34.625Z] INFO: [object Object]
[2025-07-13T19:29:34.641Z] INFO: Security created successfully
[2025-07-13T19:29:35.031Z] INFO: [object Object]
[2025-07-13T19:29:35.141Z] INFO: [object Object]
[2025-07-13T19:29:35.509Z] INFO: [object Object]
[2025-07-13T19:29:35.514Z] INFO: Security created successfully
[2025-07-13T19:29:35.549Z] INFO: [object Object]
[2025-07-13T19:30:11.953Z] INFO: [object Object]
[2025-07-13T19:30:11.955Z] INFO: Security created successfully
[2025-07-13T19:30:11.962Z] INFO: [object Object]
[2025-07-13T19:30:15.671Z] INFO: [object Object]
[2025-07-13T19:30:15.677Z] INFO: Security created successfully
[2025-07-13T19:30:15.691Z] INFO: [object Object]
[2025-07-13T19:30:15.733Z] INFO: [object Object]
[2025-07-13T19:30:15.738Z] INFO: Security created successfully
[2025-07-13T19:30:15.751Z] INFO: [object Object]
[2025-07-13T19:30:44.680Z] INFO: [object Object]
[2025-07-13T19:31:19.073Z] INFO: [object Object]
[2025-07-13T19:33:01.954Z] INFO: [object Object]
[2025-07-13T19:33:02.004Z] INFO: [object Object]
[2025-07-13T19:33:02.012Z] INFO: Security created successfully
[2025-07-13T19:33:02.021Z] INFO: [object Object]
[2025-07-13T19:33:02.050Z] INFO: [object Object]
[2025-07-13T19:33:02.054Z] INFO: Security created successfully
[2025-07-13T19:33:02.064Z] INFO: [object Object]
[2025-07-13T19:33:02.081Z] INFO: [object Object]
[2025-07-13T19:33:02.086Z] INFO: Security created successfully
[2025-07-13T19:33:02.091Z] INFO: [object Object]
[2025-07-13T19:33:02.104Z] INFO: [object Object]
[2025-07-13T19:33:02.107Z] INFO: Security created successfully
[2025-07-13T19:33:02.115Z] INFO: [object Object]
[2025-07-13T19:33:15.778Z] INFO: [object Object]
[2025-07-13T19:33:15.784Z] INFO: Security created successfully
[2025-07-13T19:33:15.903Z] INFO: [object Object]
[2025-07-13T19:33:15.971Z] INFO: [object Object]
[2025-07-13T19:33:16.068Z] INFO: [object Object]
[2025-07-13T19:33:16.072Z] INFO: Security created successfully
[2025-07-13T19:33:16.089Z] INFO: [object Object]
[2025-07-13T19:33:40.677Z] INFO: [object Object]
[2025-07-13T19:33:40.735Z] INFO: [object Object]
[2025-07-13T19:33:40.738Z] INFO: Security created successfully
[2025-07-13T19:33:40.744Z] INFO: [object Object]
[2025-07-13T19:33:43.780Z] INFO: [object Object]
[2025-07-13T19:33:43.791Z] INFO: Security created successfully
[2025-07-13T19:33:43.815Z] INFO: [object Object]
[2025-07-13T19:33:43.879Z] INFO: [object Object]
[2025-07-13T19:33:43.887Z] INFO: Security created successfully
[2025-07-13T19:33:43.903Z] INFO: [object Object]
[2025-07-13T19:33:54.070Z] INFO: [object Object]
[2025-07-13T19:35:40.828Z] INFO: [object Object]
[2025-07-13T19:36:58.249Z] INFO: [object Object]
[2025-07-13T19:38:07.108Z] INFO: [object Object]
[2025-07-13T19:38:07.196Z] INFO: [object Object]
[2025-07-13T19:38:07.200Z] INFO: Security created successfully
[2025-07-13T19:38:07.208Z] INFO: [object Object]
[2025-07-13T19:38:07.245Z] INFO: [object Object]
[2025-07-13T19:38:07.249Z] INFO: Security created successfully
[2025-07-13T19:38:07.257Z] INFO: [object Object]
[2025-07-13T19:38:07.270Z] INFO: [object Object]
[2025-07-13T19:38:07.272Z] INFO: Security created successfully
[2025-07-13T19:38:07.277Z] INFO: [object Object]
[2025-07-13T19:38:21.244Z] INFO: [object Object]
[2025-07-13T19:38:21.248Z] INFO: Security created successfully
[2025-07-13T19:38:21.291Z] INFO: [object Object]
[2025-07-13T19:38:21.329Z] INFO: [object Object]
[2025-07-13T19:38:21.386Z] INFO: [object Object]
[2025-07-13T19:38:21.390Z] INFO: Security created successfully
[2025-07-13T19:38:21.404Z] INFO: [object Object]
[2025-07-13T19:38:24.682Z] INFO: [object Object]
[2025-07-13T19:38:24.684Z] INFO: Security created successfully
[2025-07-13T19:38:24.691Z] INFO: [object Object]
[2025-07-13T19:39:00.383Z] INFO: [object Object]
[2025-07-13T19:39:00.433Z] INFO: [object Object]
[2025-07-13T19:39:00.436Z] INFO: Security created successfully
[2025-07-13T19:39:00.443Z] INFO: [object Object]
[2025-07-13T19:39:03.683Z] INFO: [object Object]
[2025-07-13T19:39:03.686Z] INFO: Security created successfully
[2025-07-13T19:39:03.692Z] INFO: [object Object]
[2025-07-13T19:39:03.728Z] INFO: [object Object]
[2025-07-13T19:39:03.732Z] INFO: Security created successfully
[2025-07-13T19:39:03.737Z] INFO: [object Object]
[2025-07-13T19:39:34.672Z] INFO: [object Object]
[2025-07-13T19:39:34.676Z] INFO: Security created successfully
[2025-07-13T19:39:34.689Z] INFO: [object Object]
[2025-07-13T19:39:37.707Z] INFO: [object Object]
[2025-07-13T19:39:37.711Z] INFO: Security created successfully
[2025-07-13T19:39:37.719Z] INFO: [object Object]
[2025-07-13T19:39:37.796Z] INFO: [object Object]
[2025-07-13T19:39:37.798Z] INFO: Security created successfully
[2025-07-13T19:39:37.804Z] INFO: [object Object]
[2025-07-13T19:39:40.129Z] INFO: [object Object]
[2025-07-13T19:39:40.132Z] INFO: Security created successfully
[2025-07-13T19:39:40.144Z] INFO: [object Object]
[2025-07-13T19:39:42.998Z] INFO: [object Object]
[2025-07-13T19:39:43.074Z] INFO: [object Object]
[2025-07-13T19:39:43.077Z] INFO: Security created successfully
[2025-07-13T19:39:43.127Z] INFO: [object Object]
[2025-07-13T19:39:57.246Z] INFO: [object Object]
[2025-07-13T19:39:57.296Z] INFO: [object Object]
[2025-07-13T19:39:57.299Z] INFO: Security created successfully
[2025-07-13T19:39:57.312Z] INFO: [object Object]
[2025-07-13T19:40:00.342Z] INFO: [object Object]
[2025-07-13T19:40:00.347Z] INFO: Security created successfully
[2025-07-13T19:40:00.353Z] INFO: [object Object]
[2025-07-13T19:40:00.387Z] INFO: [object Object]
[2025-07-13T19:40:00.389Z] INFO: Security created successfully
[2025-07-13T19:40:00.398Z] INFO: [object Object]
[2025-07-13T19:40:21.950Z] INFO: [object Object]
[2025-07-13T19:40:22.004Z] INFO: [object Object]
[2025-07-13T19:40:22.008Z] INFO: Security created successfully
[2025-07-13T19:40:22.021Z] INFO: [object Object]
[2025-07-13T19:40:25.059Z] INFO: [object Object]
[2025-07-13T19:40:25.062Z] INFO: Security created successfully
[2025-07-13T19:40:25.067Z] INFO: [object Object]
[2025-07-13T19:40:25.097Z] INFO: [object Object]
[2025-07-13T19:40:25.099Z] INFO: Security created successfully
[2025-07-13T19:40:25.105Z] INFO: [object Object]
[2025-07-13T19:40:29.772Z] INFO: [object Object]
[2025-07-13T19:40:29.775Z] INFO: Security created successfully
[2025-07-13T19:40:29.792Z] INFO: [object Object]
[2025-07-13T19:41:13.772Z] INFO: [object Object]
[2025-07-13T19:41:13.819Z] INFO: [object Object]
[2025-07-13T19:41:13.824Z] INFO: Security created successfully
[2025-07-13T19:41:13.831Z] INFO: [object Object]
[2025-07-13T19:41:16.859Z] INFO: [object Object]
[2025-07-13T19:41:16.863Z] INFO: Security created successfully
[2025-07-13T19:41:16.873Z] INFO: [object Object]
[2025-07-13T19:41:20.846Z] INFO: [object Object]
[2025-07-13T19:41:20.902Z] INFO: [object Object]
[2025-07-13T19:41:20.905Z] INFO: Security created successfully
[2025-07-13T19:41:20.919Z] INFO: [object Object]
[2025-07-13T19:41:45.859Z] INFO: [object Object]
[2025-07-13T19:41:45.863Z] INFO: Security created successfully
[2025-07-13T19:41:45.871Z] INFO: [object Object]
[2025-07-13T19:41:48.903Z] INFO: [object Object]
[2025-07-13T19:41:48.907Z] INFO: Security created successfully
[2025-07-13T19:41:48.915Z] INFO: [object Object]
[2025-07-13T19:42:36.364Z] INFO: [object Object]
[2025-07-13T19:42:36.415Z] INFO: [object Object]
[2025-07-13T19:42:36.421Z] INFO: Security created successfully
[2025-07-13T19:42:36.432Z] INFO: [object Object]
[2025-07-15T11:49:39.530Z] INFO: Server Active http://localhost:4012
[2025-07-15T11:49:40.091Z] INFO: Server Active http://localhost:4012
[2025-07-15T11:52:44.643Z] INFO: Security created successfully
[2025-07-15T11:52:44.711Z] INFO: [object Object]
[2025-07-15T11:52:45.337Z] INFO: Server Active http://localhost:4012
[2025-07-15T11:52:45.463Z] INFO: Security created successfully
[2025-07-15T11:52:45.494Z] INFO: [object Object]
[2025-07-15T11:52:48.745Z] INFO: [object Object]
[2025-07-15T11:52:48.826Z] INFO: [object Object]
[2025-07-15T11:52:48.836Z] INFO: Security created successfully
[2025-07-15T11:52:48.881Z] INFO: [object Object]
[2025-07-15T11:52:53.918Z] INFO: [object Object]
[2025-07-15T11:52:54.007Z] INFO: [object Object]
[2025-07-15T11:52:54.017Z] INFO: Security created successfully
[2025-07-15T11:52:54.048Z] INFO: [object Object]
[2025-07-15T11:52:54.191Z] INFO: [object Object]
[2025-07-15T11:52:54.196Z] INFO: Security created successfully
[2025-07-15T11:52:54.206Z] INFO: [object Object]
[2025-07-15T11:52:58.435Z] INFO: [object Object]
[2025-07-15T11:53:57.258Z] INFO: [object Object]
[2025-07-15T11:54:08.448Z] INFO: [object Object]
[2025-07-15T11:54:52.358Z] INFO: [object Object]
[2025-07-15T11:56:26.473Z] INFO: [object Object]
[2025-07-15T11:57:56.076Z] INFO: [object Object]
[2025-07-15T12:01:49.921Z] INFO: [object Object]
[2025-07-15T12:01:50.067Z] INFO: [object Object]
[2025-07-15T12:01:50.072Z] INFO: Security created successfully
[2025-07-15T12:01:50.090Z] INFO: [object Object]
[2025-07-15T12:01:53.248Z] INFO: [object Object]
[2025-07-15T12:01:53.257Z] INFO: Security created successfully
[2025-07-15T12:01:53.269Z] INFO: [object Object]
[2025-07-15T12:01:53.570Z] INFO: [object Object]
[2025-07-15T12:01:53.572Z] INFO: Security created successfully
[2025-07-15T12:01:53.582Z] INFO: [object Object]
[2025-07-15T12:02:39.027Z] INFO: [object Object]
[2025-07-15T12:02:39.033Z] INFO: Security created successfully
[2025-07-15T12:02:39.113Z] INFO: [object Object]
[2025-07-15T12:02:43.549Z] INFO: [object Object]
[2025-07-15T12:02:43.553Z] INFO: Security created successfully
[2025-07-15T12:02:43.666Z] INFO: [object Object]
[2025-07-15T12:03:05.531Z] INFO: [object Object]
[2025-07-15T12:03:05.533Z] INFO: Security created successfully
[2025-07-15T12:03:05.552Z] INFO: [object Object]
[2025-07-15T12:03:08.162Z] INFO: [object Object]
[2025-07-15T12:03:08.165Z] INFO: Security created successfully
[2025-07-15T12:03:08.181Z] INFO: [object Object]
[2025-07-15T12:04:07.450Z] INFO: [object Object]
[2025-07-15T12:04:07.518Z] INFO: [object Object]
[2025-07-15T12:04:07.523Z] INFO: Security created successfully
[2025-07-15T12:04:07.540Z] INFO: [object Object]
[2025-07-15T12:04:11.367Z] INFO: [object Object]
[2025-07-15T12:04:11.614Z] INFO: [object Object]
[2025-07-15T12:04:11.619Z] INFO: Security created successfully
[2025-07-15T12:04:11.717Z] INFO: [object Object]
[2025-07-15T12:07:50.873Z] INFO: [object Object]
[2025-07-15T12:07:50.937Z] INFO: [object Object]
[2025-07-15T12:07:50.944Z] INFO: Security created successfully
[2025-07-15T12:07:50.960Z] INFO: [object Object]
[2025-07-15T12:10:08.879Z] INFO: [object Object]
[2025-07-15T12:10:08.930Z] INFO: [object Object]
[2025-07-15T12:10:08.936Z] INFO: Security created successfully
[2025-07-15T12:10:08.952Z] INFO: [object Object]
[2025-07-15T12:20:13.137Z] INFO: [object Object]
[2025-07-15T12:20:13.222Z] INFO: [object Object]
[2025-07-15T12:20:13.229Z] INFO: Security created successfully
[2025-07-15T12:20:13.251Z] INFO: [object Object]
[2025-07-15T12:20:13.531Z] INFO: [object Object]
[2025-07-15T12:20:13.533Z] INFO: Security created successfully
[2025-07-15T12:20:13.542Z] INFO: [object Object]
[2025-07-15T12:22:54.914Z] INFO: [object Object]
[2025-07-15T12:22:54.968Z] INFO: [object Object]
[2025-07-15T12:22:54.976Z] INFO: Security created successfully
[2025-07-15T12:22:55.003Z] INFO: [object Object]
[2025-07-15T12:22:55.098Z] INFO: [object Object]
[2025-07-15T12:22:55.101Z] INFO: Security created successfully
[2025-07-15T12:22:55.111Z] INFO: [object Object]
[2025-07-15T12:56:42.705Z] WARN: Session expired. Please log in again.
[2025-07-15T12:56:50.562Z] INFO: Security created successfully
[2025-07-15T12:56:50.658Z] INFO: [object Object]
[2025-07-15T12:56:55.723Z] INFO: Security created successfully
[2025-07-15T12:56:55.744Z] INFO: [object Object]
[2025-07-15T12:56:55.787Z] INFO: Security created successfully
[2025-07-15T12:56:55.818Z] INFO: [object Object]
[2025-07-15T12:56:57.230Z] INFO: [object Object]
[2025-07-15T12:56:57.368Z] INFO: [object Object]
[2025-07-15T12:56:57.375Z] INFO: Security created successfully
[2025-07-15T12:56:57.422Z] INFO: [object Object]
[2025-07-15T12:56:57.568Z] INFO: [object Object]
[2025-07-15T12:56:57.573Z] INFO: Security created successfully
[2025-07-15T12:56:57.583Z] INFO: [object Object]
[2025-07-15T12:57:06.813Z] INFO: [object Object]
[2025-07-15T12:57:06.889Z] INFO: [object Object]
[2025-07-15T12:57:06.898Z] INFO: Security created successfully
[2025-07-15T12:57:06.914Z] INFO: [object Object]
[2025-07-15T12:57:06.967Z] INFO: [object Object]
[2025-07-15T12:57:06.972Z] INFO: Security created successfully
[2025-07-15T12:57:07.052Z] INFO: [object Object]
[2025-07-15T12:58:54.339Z] INFO: [object Object]
[2025-07-15T12:58:54.355Z] INFO: Security created successfully
[2025-07-15T12:58:54.415Z] INFO: [object Object]
[2025-07-15T12:58:59.804Z] INFO: [object Object]
[2025-07-15T12:58:59.867Z] INFO: [object Object]
[2025-07-15T12:58:59.873Z] INFO: Security created successfully
[2025-07-15T12:58:59.881Z] INFO: [object Object]
[2025-07-15T12:59:02.949Z] INFO: [object Object]
[2025-07-15T12:59:02.963Z] INFO: Security created successfully
[2025-07-15T12:59:02.985Z] INFO: [object Object]
[2025-07-15T12:59:03.100Z] INFO: [object Object]
[2025-07-15T12:59:03.103Z] INFO: Security created successfully
[2025-07-15T12:59:03.119Z] INFO: [object Object]
[2025-07-15T12:59:08.816Z] INFO: [object Object]
[2025-07-15T12:59:08.824Z] INFO: Security created successfully
[2025-07-15T12:59:08.840Z] INFO: [object Object]
[2025-07-15T14:54:20.242Z] INFO: Server Active http://localhost:4012
[2025-07-15T14:54:20.743Z] INFO: Server Active http://localhost:4012
[2025-07-15T14:55:07.274Z] INFO: Security created successfully
[2025-07-15T14:55:07.411Z] INFO: [object Object]
[2025-07-15T14:55:07.757Z] INFO: Server Active http://localhost:4012
[2025-07-15T14:56:08.540Z] INFO: Security created successfully
[2025-07-15T14:56:08.580Z] INFO: [object Object]
[2025-07-15T14:56:29.879Z] INFO: Security created successfully
[2025-07-15T14:56:29.888Z] INFO: [object Object]
[2025-07-15T14:56:30.307Z] INFO: Security created successfully
[2025-07-15T14:56:30.326Z] INFO: [object Object]
[2025-07-15T14:56:32.968Z] INFO: [object Object]
[2025-07-15T14:56:33.038Z] INFO: [object Object]
[2025-07-15T14:56:33.043Z] INFO: Security created successfully
[2025-07-15T14:56:33.068Z] INFO: [object Object]
[2025-07-15T14:56:33.281Z] INFO: [object Object]
[2025-07-15T14:56:33.285Z] INFO: Security created successfully
[2025-07-15T14:56:33.294Z] INFO: [object Object]
[2025-07-15T14:56:39.586Z] INFO: [object Object]
[2025-07-15T14:56:39.590Z] INFO: Security created successfully
[2025-07-15T14:56:39.644Z] INFO: [object Object]
[2025-07-15T14:57:16.401Z] INFO: [object Object]
[2025-07-15T14:57:16.467Z] INFO: [object Object]
[2025-07-15T14:57:16.476Z] INFO: Security created successfully
[2025-07-15T14:57:16.502Z] INFO: [object Object]
[2025-07-15T14:57:29.503Z] INFO: [object Object]
[2025-07-15T14:57:29.505Z] INFO: Security created successfully
[2025-07-15T14:57:29.542Z] INFO: [object Object]
[2025-07-15T14:57:29.595Z] INFO: [object Object]
[2025-07-15T14:57:29.646Z] INFO: [object Object]
[2025-07-15T14:57:29.650Z] INFO: Security created successfully
[2025-07-15T14:57:29.672Z] INFO: [object Object]
[2025-07-15T14:58:22.841Z] INFO: [object Object]
[2025-07-15T14:58:22.843Z] INFO: Security created successfully
[2025-07-15T14:58:22.863Z] INFO: [object Object]
[2025-07-15T14:58:43.922Z] INFO: [object Object]
[2025-07-15T14:58:43.972Z] INFO: [object Object]
[2025-07-15T14:58:43.983Z] INFO: Security created successfully
[2025-07-15T14:58:44.000Z] INFO: [object Object]
[2025-07-15T14:58:44.014Z] INFO: [object Object]
[2025-07-15T14:58:44.017Z] INFO: Security created successfully
[2025-07-15T14:58:44.024Z] INFO: [object Object]
[2025-07-15T14:58:44.036Z] INFO: [object Object]
[2025-07-15T14:58:44.040Z] INFO: Security created successfully
[2025-07-15T14:58:44.052Z] INFO: [object Object]
[2025-07-15T14:58:44.064Z] INFO: [object Object]
[2025-07-15T14:58:44.067Z] INFO: Security created successfully
[2025-07-15T14:58:44.074Z] INFO: [object Object]
[2025-07-15T14:58:44.088Z] INFO: [object Object]
[2025-07-15T14:58:44.093Z] INFO: Security created successfully
[2025-07-15T14:58:44.102Z] INFO: [object Object]
[2025-07-15T14:58:56.890Z] INFO: [object Object]
[2025-07-15T14:58:56.896Z] INFO: Security created successfully
[2025-07-15T14:58:57.138Z] INFO: [object Object]
[2025-07-15T14:58:57.174Z] INFO: [object Object]
[2025-07-15T14:58:57.239Z] INFO: [object Object]
[2025-07-15T14:58:57.242Z] INFO: Security created successfully
[2025-07-15T14:58:57.259Z] INFO: [object Object]
[2025-07-15T15:06:16.553Z] INFO: [object Object]
[2025-07-15T15:06:16.626Z] INFO: [object Object]
[2025-07-15T15:06:16.631Z] INFO: Security created successfully
[2025-07-15T15:06:16.642Z] INFO: [object Object]
[2025-07-15T15:06:19.722Z] INFO: [object Object]
[2025-07-15T15:06:19.727Z] INFO: Security created successfully
[2025-07-15T15:06:19.735Z] INFO: [object Object]
[2025-07-15T15:06:19.850Z] INFO: [object Object]
[2025-07-15T15:06:19.852Z] INFO: Security created successfully
[2025-07-15T15:06:19.858Z] INFO: [object Object]
[2025-07-15T15:07:15.200Z] INFO: [object Object]
[2025-07-15T15:07:15.254Z] INFO: [object Object]
[2025-07-15T15:07:15.259Z] INFO: Security created successfully
[2025-07-15T15:07:15.267Z] INFO: [object Object]
[2025-07-15T15:07:18.293Z] INFO: [object Object]
[2025-07-15T15:07:18.296Z] INFO: Security created successfully
[2025-07-15T15:07:18.304Z] INFO: [object Object]
[2025-07-15T15:07:18.337Z] INFO: [object Object]
[2025-07-15T15:07:18.339Z] INFO: Security created successfully
[2025-07-15T15:07:18.344Z] INFO: [object Object]
[2025-07-15T15:08:25.129Z] INFO: [object Object]
[2025-07-15T15:08:25.198Z] INFO: [object Object]
[2025-07-15T15:08:25.203Z] INFO: Security created successfully
[2025-07-15T15:08:25.211Z] INFO: [object Object]
[2025-07-15T15:08:28.262Z] INFO: [object Object]
[2025-07-15T15:08:28.266Z] INFO: Security created successfully
[2025-07-15T15:08:28.273Z] INFO: [object Object]
[2025-07-15T15:08:28.350Z] INFO: [object Object]
[2025-07-15T15:08:28.352Z] INFO: Security created successfully
[2025-07-15T15:08:28.358Z] INFO: [object Object]
[2025-07-15T15:09:55.925Z] INFO: [object Object]
[2025-07-15T15:09:55.999Z] INFO: [object Object]
[2025-07-15T15:09:56.003Z] INFO: Security created successfully
[2025-07-15T15:09:56.010Z] INFO: [object Object]
[2025-07-15T15:09:59.059Z] INFO: [object Object]
[2025-07-15T15:09:59.062Z] INFO: Security created successfully
[2025-07-15T15:09:59.070Z] INFO: [object Object]
[2025-07-15T15:09:59.153Z] INFO: [object Object]
[2025-07-15T15:09:59.155Z] INFO: Security created successfully
[2025-07-15T15:09:59.161Z] INFO: [object Object]
[2025-07-15T15:10:13.496Z] INFO: [object Object]
[2025-07-15T15:10:13.499Z] INFO: Security created successfully
[2025-07-15T15:10:13.540Z] INFO: [object Object]
[2025-07-15T15:11:57.487Z] INFO: [object Object]
[2025-07-15T15:11:57.491Z] INFO: Security created successfully
[2025-07-15T15:11:57.500Z] INFO: [object Object]
[2025-07-15T15:19:19.490Z] INFO: [object Object]
[2025-07-15T15:19:19.552Z] INFO: [object Object]
[2025-07-15T15:19:19.555Z] INFO: Security created successfully
[2025-07-15T15:19:19.566Z] INFO: [object Object]
[2025-07-15T15:19:22.606Z] INFO: [object Object]
[2025-07-15T15:19:22.618Z] INFO: Security created successfully
[2025-07-15T15:19:22.639Z] INFO: [object Object]
[2025-07-15T15:19:22.769Z] INFO: [object Object]
[2025-07-15T15:19:22.773Z] INFO: Security created successfully
[2025-07-15T15:19:22.790Z] INFO: [object Object]
[2025-07-15T15:19:26.642Z] INFO: [object Object]
[2025-07-15T15:19:26.646Z] INFO: Security created successfully
[2025-07-15T15:19:26.682Z] INFO: [object Object]
[2025-07-15T15:19:28.940Z] INFO: [object Object]
[2025-07-15T15:19:28.946Z] INFO: Security created successfully
[2025-07-15T15:19:28.960Z] INFO: [object Object]
[2025-07-15T15:19:46.937Z] INFO: [object Object]
[2025-07-15T15:19:46.942Z] INFO: Security created successfully
[2025-07-15T15:19:46.956Z] INFO: [object Object]
[2025-07-15T15:19:48.993Z] INFO: [object Object]
[2025-07-15T15:19:49.002Z] INFO: Security created successfully
[2025-07-15T15:19:49.020Z] INFO: [object Object]
[2025-07-15T15:20:14.290Z] INFO: [object Object]
[2025-07-15T15:20:14.293Z] INFO: Security created successfully
[2025-07-15T15:20:14.313Z] INFO: [object Object]
[2025-07-15T15:20:23.834Z] INFO: [object Object]
[2025-07-15T15:20:23.836Z] INFO: Security created successfully
[2025-07-15T15:20:23.843Z] INFO: [object Object]
[2025-07-15T15:21:27.184Z] INFO: [object Object]
[2025-07-15T15:21:27.228Z] INFO: [object Object]
[2025-07-15T15:21:27.234Z] INFO: Security created successfully
[2025-07-15T15:21:27.244Z] INFO: [object Object]
[2025-07-15T15:21:30.282Z] INFO: [object Object]
[2025-07-15T15:21:30.285Z] INFO: Security created successfully
[2025-07-15T15:21:30.293Z] INFO: [object Object]
[2025-07-15T15:21:30.376Z] INFO: [object Object]
[2025-07-15T15:21:30.379Z] INFO: Security created successfully
[2025-07-15T15:21:30.385Z] INFO: [object Object]
[2025-07-15T15:21:34.534Z] INFO: [object Object]
[2025-07-15T15:21:34.539Z] INFO: Security created successfully
[2025-07-15T15:21:34.574Z] INFO: [object Object]
[2025-07-15T15:21:48.807Z] INFO: [object Object]
[2025-07-15T15:21:48.818Z] INFO: Security created successfully
[2025-07-15T15:21:48.837Z] INFO: [object Object]
[2025-07-15T15:22:08.766Z] INFO: [object Object]
[2025-07-15T15:22:08.770Z] INFO: Security created successfully
[2025-07-15T15:22:08.784Z] INFO: [object Object]
[2025-07-15T15:22:12.389Z] INFO: [object Object]
[2025-07-15T15:22:12.395Z] INFO: Security created successfully
[2025-07-15T15:22:12.416Z] INFO: [object Object]
[2025-07-15T15:23:53.603Z] INFO: [object Object]
[2025-07-15T15:23:53.606Z] INFO: Security created successfully
[2025-07-15T15:23:53.629Z] INFO: [object Object]
[2025-07-15T15:24:00.976Z] INFO: [object Object]
[2025-07-15T15:24:00.982Z] INFO: Security created successfully
[2025-07-15T15:24:00.998Z] INFO: [object Object]
[2025-07-15T15:24:45.741Z] INFO: [object Object]
[2025-07-15T15:24:45.744Z] INFO: Security created successfully
[2025-07-15T15:24:45.764Z] INFO: [object Object]
[2025-07-15T15:24:48.698Z] INFO: [object Object]
[2025-07-15T15:24:48.700Z] INFO: Security created successfully
[2025-07-15T15:24:48.710Z] INFO: [object Object]
[2025-07-15T15:25:29.130Z] INFO: [object Object]
[2025-07-15T15:25:29.134Z] INFO: Security created successfully
[2025-07-15T15:25:29.168Z] INFO: [object Object]
[2025-07-15T15:25:30.683Z] INFO: [object Object]
[2025-07-15T15:25:30.732Z] INFO: [object Object]
[2025-07-15T15:25:30.738Z] INFO: Security created successfully
[2025-07-15T15:25:30.750Z] INFO: [object Object]
[2025-07-15T15:25:33.803Z] INFO: [object Object]
[2025-07-15T15:25:33.813Z] INFO: Security created successfully
[2025-07-15T15:25:33.836Z] INFO: [object Object]
[2025-07-15T15:25:33.950Z] INFO: [object Object]
[2025-07-15T15:25:33.953Z] INFO: Security created successfully
[2025-07-15T15:25:33.959Z] INFO: [object Object]
[2025-07-15T15:25:38.731Z] INFO: [object Object]
[2025-07-15T15:25:38.736Z] INFO: Security created successfully
[2025-07-15T15:25:38.749Z] INFO: [object Object]
[2025-07-15T15:25:40.973Z] INFO: [object Object]
[2025-07-15T15:25:40.983Z] INFO: Security created successfully
[2025-07-15T15:25:41.004Z] INFO: [object Object]
[2025-07-15T15:25:58.414Z] INFO: [object Object]
[2025-07-15T15:25:58.418Z] INFO: Security created successfully
[2025-07-15T15:25:58.429Z] INFO: [object Object]
[2025-07-15T15:26:00.736Z] INFO: [object Object]
[2025-07-15T15:26:00.747Z] INFO: Security created successfully
[2025-07-15T15:26:00.797Z] INFO: [object Object]
[2025-07-15T15:26:12.887Z] INFO: [object Object]
[2025-07-15T15:26:12.892Z] INFO: Security created successfully
[2025-07-15T15:26:12.906Z] INFO: [object Object]
[2025-07-15T15:26:18.028Z] INFO: [object Object]
[2025-07-15T15:26:18.039Z] INFO: Security created successfully
[2025-07-15T15:26:18.061Z] INFO: [object Object]
[2025-07-15T15:26:41.746Z] INFO: [object Object]
[2025-07-15T15:26:41.750Z] INFO: Security created successfully
[2025-07-15T15:26:41.763Z] INFO: [object Object]
[2025-07-15T15:26:48.844Z] INFO: [object Object]
[2025-07-15T15:26:48.856Z] INFO: Security created successfully
[2025-07-15T15:26:48.874Z] INFO: [object Object]
[2025-07-15T15:27:26.358Z] INFO: [object Object]
[2025-07-15T15:27:26.360Z] INFO: Security created successfully
[2025-07-15T15:27:26.380Z] INFO: [object Object]
[2025-07-15T15:27:30.745Z] INFO: [object Object]
[2025-07-15T15:27:30.752Z] INFO: Security created successfully
[2025-07-15T15:27:30.768Z] INFO: [object Object]
[2025-07-15T15:28:51.152Z] INFO: [object Object]
[2025-07-15T15:28:51.156Z] INFO: Security created successfully
[2025-07-15T15:28:51.172Z] INFO: [object Object]
[2025-07-15T15:28:55.808Z] INFO: [object Object]
[2025-07-15T15:28:55.819Z] INFO: Security created successfully
[2025-07-15T15:28:55.842Z] INFO: [object Object]
[2025-07-15T15:29:35.866Z] INFO: [object Object]
[2025-07-15T15:29:35.874Z] INFO: Security created successfully
[2025-07-15T15:29:35.904Z] INFO: [object Object]
[2025-07-15T15:29:39.242Z] INFO: [object Object]
[2025-07-15T15:29:39.253Z] INFO: Security created successfully
[2025-07-15T15:29:39.272Z] INFO: [object Object]
[2025-07-15T16:20:56.431Z] INFO: Server Active http://localhost:4012
[2025-07-15T16:20:56.930Z] INFO: Server Active http://localhost:4012
[2025-07-15T16:21:52.470Z] INFO: Security created successfully
[2025-07-15T16:21:52.551Z] INFO: [object Object]
[2025-07-15T16:21:52.986Z] INFO: Server Active http://localhost:4012
[2025-07-15T16:21:53.139Z] INFO: Security created successfully
[2025-07-15T16:21:53.173Z] INFO: [object Object]
[2025-07-15T16:21:56.252Z] INFO: [object Object]
[2025-07-15T16:21:56.318Z] INFO: [object Object]
[2025-07-15T16:21:56.326Z] INFO: Security created successfully
[2025-07-15T16:21:56.361Z] INFO: [object Object]
[2025-07-15T16:21:59.362Z] INFO: [object Object]
[2025-07-15T16:21:59.366Z] INFO: Security created successfully
[2025-07-15T16:21:59.376Z] INFO: [object Object]
[2025-07-15T16:22:02.395Z] INFO: [object Object]
[2025-07-15T16:22:02.408Z] INFO: Security created successfully
[2025-07-15T16:22:02.426Z] INFO: [object Object]
[2025-07-15T16:22:05.450Z] INFO: [object Object]
[2025-07-15T16:22:05.454Z] INFO: Security created successfully
[2025-07-15T16:22:05.463Z] INFO: [object Object]
[2025-07-15T16:22:06.415Z] INFO: [object Object]
[2025-07-15T16:22:06.420Z] INFO: Security created successfully
[2025-07-15T16:22:06.437Z] INFO: [object Object]
[2025-07-15T16:22:08.489Z] INFO: [object Object]
[2025-07-15T16:22:08.501Z] INFO: Security created successfully
[2025-07-15T16:22:08.526Z] INFO: [object Object]
[2025-07-15T16:22:09.399Z] INFO: [object Object]
[2025-07-15T16:22:09.403Z] INFO: Security created successfully
[2025-07-15T16:22:09.414Z] INFO: [object Object]
[2025-07-15T16:22:10.343Z] INFO: [object Object]
[2025-07-15T16:22:10.354Z] INFO: Security created successfully
[2025-07-15T16:22:12.342Z] INFO: [object Object]
[2025-07-15T16:22:12.405Z] INFO: [object Object]
[2025-07-15T16:22:12.409Z] INFO: Security created successfully
[2025-07-15T16:22:12.448Z] INFO: [object Object]
[2025-07-15T16:22:12.458Z] INFO: [object Object]
[2025-07-15T16:22:12.460Z] INFO: Security created successfully
[2025-07-15T16:22:15.476Z] INFO: [object Object]
[2025-07-15T16:22:15.486Z] INFO: [object Object]
[2025-07-15T16:22:15.489Z] INFO: Security created successfully
[2025-07-15T16:22:16.337Z] INFO: [object Object]
[2025-07-15T16:22:16.339Z] INFO: [object Object]
[2025-07-15T16:22:16.340Z] INFO: Security created successfully
[2025-07-15T16:22:16.341Z] INFO: Security created successfully
[2025-07-15T16:22:16.459Z] INFO: [object Object]
[2025-07-15T16:22:16.466Z] INFO: [object Object]
[2025-07-15T16:22:16.468Z] INFO: Security created successfully
[2025-07-15T16:22:18.537Z] INFO: [object Object]
[2025-07-15T16:22:18.547Z] INFO: [object Object]
[2025-07-15T16:22:18.549Z] INFO: Security created successfully
[2025-07-15T16:22:19.337Z] INFO: [object Object]
[2025-07-15T16:22:19.344Z] INFO: Security created successfully
[2025-07-15T16:22:19.425Z] INFO: [object Object]
[2025-07-15T16:22:19.432Z] INFO: [object Object]
[2025-07-15T16:22:19.435Z] INFO: Security created successfully
[2025-07-15T16:22:20.340Z] INFO: [object Object]
[2025-07-15T16:22:20.343Z] INFO: [object Object]
[2025-07-15T16:22:20.345Z] INFO: Security created successfully
[2025-07-15T16:22:20.346Z] INFO: Security created successfully
[2025-07-15T16:22:20.360Z] INFO: [object Object]
[2025-07-15T16:22:20.412Z] INFO: [object Object]
[2025-07-15T16:22:20.416Z] INFO: Security created successfully
[2025-07-15T16:22:22.459Z] INFO: [object Object]
[2025-07-15T16:22:22.471Z] INFO: [object Object]
[2025-07-15T16:22:22.474Z] INFO: Security created successfully
[2025-07-15T16:22:24.332Z] INFO: [object Object]
[2025-07-15T16:22:24.335Z] INFO: Security created successfully
[2025-07-15T16:22:25.496Z] INFO: [object Object]
[2025-07-15T16:22:25.499Z] INFO: [object Object]
[2025-07-15T16:22:25.503Z] INFO: Security created successfully
[2025-07-15T16:22:25.508Z] INFO: [object Object]
[2025-07-15T16:22:25.511Z] INFO: Security created successfully
[2025-07-15T16:22:26.481Z] INFO: [object Object]
[2025-07-15T16:22:26.488Z] INFO: [object Object]
[2025-07-15T16:22:26.490Z] INFO: Security created successfully
[2025-07-15T16:22:28.331Z] INFO: [object Object]
[2025-07-15T16:22:28.333Z] INFO: Security created successfully
[2025-07-15T16:22:28.559Z] INFO: [object Object]
[2025-07-15T16:22:28.565Z] INFO: [object Object]
[2025-07-15T16:22:28.567Z] INFO: Security created successfully
[2025-07-15T16:22:29.323Z] INFO: [object Object]
[2025-07-15T16:22:29.327Z] INFO: [object Object]
[2025-07-15T16:22:29.330Z] INFO: Security created successfully
[2025-07-15T16:22:29.332Z] INFO: Security created successfully
[2025-07-15T16:22:29.436Z] INFO: [object Object]
[2025-07-15T16:22:29.445Z] INFO: [object Object]
[2025-07-15T16:22:29.447Z] INFO: Security created successfully
[2025-07-15T16:22:29.527Z] INFO: [object Object]
[2025-07-15T16:22:29.582Z] INFO: [object Object]
[2025-07-15T16:22:29.589Z] INFO: Security created successfully
[2025-07-15T16:22:30.829Z] INFO: [object Object]
[2025-07-15T16:22:30.832Z] INFO: [object Object]
[2025-07-15T16:22:30.835Z] INFO: [object Object]
[2025-07-15T16:22:30.837Z] INFO: [object Object]
[2025-07-15T16:22:30.839Z] INFO: [object Object]
[2025-07-15T16:22:30.863Z] INFO: [object Object]
[2025-07-15T16:22:30.869Z] INFO: Security created successfully
[2025-07-15T16:22:30.875Z] INFO: [object Object]
[2025-07-15T16:22:30.876Z] INFO: [object Object]
[2025-07-15T16:22:30.878Z] INFO: [object Object]
[2025-07-15T16:22:30.881Z] INFO: [object Object]
[2025-07-15T16:22:30.882Z] INFO: Security created successfully
[2025-07-15T16:22:30.898Z] INFO: [object Object]
[2025-07-15T16:22:30.900Z] INFO: [object Object]
[2025-07-15T16:22:30.902Z] INFO: [object Object]
[2025-07-15T16:22:30.903Z] INFO: Security created successfully
[2025-07-15T16:22:30.927Z] INFO: [object Object]
[2025-07-15T16:22:30.931Z] INFO: [object Object]
[2025-07-15T16:22:30.934Z] INFO: [object Object]
[2025-07-15T16:22:30.937Z] INFO: [object Object]
[2025-07-15T16:22:30.940Z] INFO: [object Object]
[2025-07-15T16:22:30.944Z] INFO: [object Object]
[2025-07-15T16:22:30.949Z] INFO: Security created successfully
[2025-07-15T16:22:30.951Z] INFO: Security created successfully
[2025-07-15T16:22:30.953Z] INFO: Security created successfully
[2025-07-15T16:22:30.954Z] INFO: [object Object]
[2025-07-15T16:22:30.957Z] INFO: [object Object]
[2025-07-15T16:22:30.960Z] INFO: [object Object]
[2025-07-15T16:22:30.961Z] INFO: [object Object]
[2025-07-15T16:22:30.964Z] INFO: Security created successfully
[2025-07-15T16:22:30.967Z] INFO: [object Object]
[2025-07-15T16:22:30.970Z] INFO: Security created successfully
[2025-07-15T16:22:30.976Z] INFO: Security created successfully
[2025-07-15T16:22:30.979Z] INFO: [object Object]
[2025-07-15T16:22:30.982Z] INFO: [object Object]
[2025-07-15T16:22:30.985Z] INFO: [object Object]
[2025-07-15T16:22:30.988Z] INFO: [object Object]
[2025-07-15T16:22:30.990Z] INFO: [object Object]
[2025-07-15T16:22:30.993Z] INFO: Security created successfully
[2025-07-15T16:22:30.996Z] INFO: [object Object]
[2025-07-15T16:22:30.999Z] INFO: Security created successfully
[2025-07-15T16:22:31.002Z] INFO: [object Object]
[2025-07-15T16:22:31.005Z] INFO: Security created successfully
[2025-07-15T16:22:31.009Z] INFO: [object Object]
[2025-07-15T16:22:31.011Z] INFO: [object Object]
[2025-07-15T16:22:31.016Z] INFO: Security created successfully
[2025-07-15T16:22:31.020Z] INFO: [object Object]
[2025-07-15T16:22:31.025Z] INFO: [object Object]
[2025-07-15T16:22:31.028Z] INFO: [object Object]
[2025-07-15T16:22:31.030Z] INFO: [object Object]
[2025-07-15T16:22:31.035Z] INFO: [object Object]
[2025-07-15T16:22:31.040Z] INFO: [object Object]
[2025-07-15T16:22:31.043Z] INFO: Security created successfully
[2025-07-15T16:22:31.046Z] INFO: [object Object]
[2025-07-15T16:22:31.048Z] INFO: Security created successfully
[2025-07-15T16:22:31.051Z] INFO: [object Object]
[2025-07-15T16:22:31.054Z] INFO: [object Object]
[2025-07-15T16:22:31.058Z] INFO: [object Object]
[2025-07-15T16:22:31.061Z] INFO: [object Object]
[2025-07-15T16:22:31.065Z] INFO: [object Object]
[2025-07-15T16:22:31.068Z] INFO: [object Object]
[2025-07-15T16:22:31.071Z] INFO: Security created successfully
[2025-07-15T16:22:31.075Z] INFO: Security created successfully
[2025-07-15T16:22:31.077Z] INFO: [object Object]
[2025-07-15T16:22:31.079Z] INFO: Security created successfully
[2025-07-15T16:22:31.082Z] INFO: [object Object]
[2025-07-15T16:22:31.085Z] INFO: Security created successfully
[2025-07-15T16:22:31.088Z] INFO: [object Object]
[2025-07-15T16:22:31.093Z] INFO: [object Object]
[2025-07-15T16:22:31.097Z] INFO: [object Object]
[2025-07-15T16:22:31.102Z] INFO: [object Object]
[2025-07-15T16:22:35.385Z] INFO: [object Object]
[2025-07-15T16:22:35.468Z] INFO: [object Object]
[2025-07-15T16:22:35.473Z] INFO: Security created successfully
[2025-07-15T16:22:35.485Z] INFO: [object Object]
[2025-07-15T16:22:38.507Z] INFO: [object Object]
[2025-07-15T16:22:38.519Z] INFO: Security created successfully
[2025-07-15T16:22:38.541Z] INFO: [object Object]
[2025-07-15T16:22:38.591Z] INFO: [object Object]
[2025-07-15T16:22:38.594Z] INFO: Security created successfully
[2025-07-15T16:22:38.606Z] INFO: [object Object]
[2025-07-15T16:22:42.568Z] INFO: [object Object]
[2025-07-15T16:22:42.573Z] INFO: Security created successfully
[2025-07-15T16:22:42.615Z] INFO: [object Object]
[2025-07-15T16:22:45.424Z] INFO: [object Object]
[2025-07-15T16:22:45.429Z] INFO: Security created successfully
[2025-07-15T16:22:45.454Z] INFO: [object Object]
[2025-07-15T16:23:13.205Z] INFO: [object Object]
[2025-07-15T16:23:13.209Z] INFO: Security created successfully
[2025-07-15T16:23:13.255Z] INFO: [object Object]
[2025-07-15T16:23:13.320Z] INFO: [object Object]
[2025-07-15T16:23:13.391Z] INFO: [object Object]
[2025-07-15T16:23:13.394Z] INFO: Security created successfully
[2025-07-15T16:23:13.402Z] INFO: [object Object]
[2025-07-15T16:23:16.437Z] INFO: [object Object]
[2025-07-15T16:23:16.448Z] INFO: Security created successfully
[2025-07-15T16:23:16.471Z] INFO: [object Object]
[2025-07-15T16:23:23.301Z] INFO: [object Object]
[2025-07-15T16:23:23.304Z] INFO: Security created successfully
[2025-07-15T16:23:23.321Z] INFO: [object Object]
[2025-07-15T16:23:25.506Z] INFO: [object Object]
[2025-07-15T16:23:25.510Z] INFO: Security created successfully
[2025-07-15T16:23:25.529Z] INFO: [object Object]
[2025-07-15T16:23:45.127Z] INFO: [object Object]
[2025-07-15T16:23:45.131Z] INFO: Security created successfully
[2025-07-15T16:23:45.154Z] INFO: [object Object]
[2025-07-15T16:23:45.184Z] INFO: [object Object]
[2025-07-15T16:23:45.245Z] INFO: [object Object]
[2025-07-15T16:23:45.249Z] INFO: Security created successfully
[2025-07-15T16:23:45.260Z] INFO: [object Object]
[2025-07-15T16:23:48.294Z] INFO: [object Object]
[2025-07-15T16:23:48.305Z] INFO: Security created successfully
[2025-07-15T16:23:48.325Z] INFO: [object Object]
[2025-07-15T16:23:51.810Z] INFO: [object Object]
[2025-07-15T16:23:51.859Z] INFO: [object Object]
[2025-07-15T16:23:51.871Z] INFO: Security created successfully
[2025-07-15T16:23:51.881Z] INFO: [object Object]
[2025-07-15T16:24:06.981Z] INFO: [object Object]
[2025-07-15T16:24:06.986Z] INFO: Security created successfully
[2025-07-15T16:24:07.029Z] INFO: [object Object]
[2025-07-15T16:25:18.046Z] INFO: [object Object]
[2025-07-15T16:25:18.096Z] INFO: [object Object]
[2025-07-15T16:25:18.106Z] INFO: Security created successfully
[2025-07-15T16:25:18.121Z] INFO: [object Object]
[2025-07-15T16:25:18.134Z] INFO: [object Object]
[2025-07-15T16:25:18.137Z] INFO: Security created successfully
[2025-07-15T16:25:18.143Z] INFO: [object Object]
[2025-07-15T16:25:18.155Z] INFO: [object Object]
[2025-07-15T16:25:18.159Z] INFO: Security created successfully
[2025-07-15T16:25:18.170Z] INFO: [object Object]
[2025-07-15T16:25:18.180Z] INFO: [object Object]
[2025-07-15T16:25:18.183Z] INFO: Security created successfully
[2025-07-15T16:25:18.189Z] INFO: [object Object]
[2025-07-15T16:25:18.202Z] INFO: [object Object]
[2025-07-15T16:25:18.207Z] INFO: Security created successfully
[2025-07-15T16:25:18.221Z] INFO: [object Object]
[2025-07-15T16:25:30.954Z] INFO: [object Object]
[2025-07-15T16:25:30.967Z] INFO: Security created successfully
[2025-07-15T16:25:31.220Z] INFO: [object Object]
[2025-07-15T16:25:31.290Z] INFO: [object Object]
[2025-07-15T16:25:31.357Z] INFO: [object Object]
[2025-07-15T16:25:31.365Z] INFO: Security created successfully
[2025-07-15T16:25:31.403Z] INFO: [object Object]
[2025-07-15T16:27:44.236Z] INFO: [object Object]
[2025-07-15T16:27:44.240Z] INFO: Security created successfully
[2025-07-15T16:27:44.251Z] INFO: [object Object]
[2025-07-15T16:29:06.141Z] INFO: [object Object]
[2025-07-15T16:29:06.242Z] INFO: [object Object]
[2025-07-15T16:29:06.246Z] INFO: Security created successfully
[2025-07-15T16:29:06.259Z] INFO: [object Object]
[2025-07-15T16:29:06.273Z] INFO: [object Object]
[2025-07-15T16:29:06.276Z] INFO: Security created successfully
[2025-07-15T16:29:06.281Z] INFO: [object Object]
[2025-07-15T16:29:06.294Z] INFO: [object Object]
[2025-07-15T16:29:06.296Z] INFO: Security created successfully
[2025-07-15T16:29:06.305Z] INFO: [object Object]
[2025-07-15T16:29:06.314Z] INFO: [object Object]
[2025-07-15T16:29:06.318Z] INFO: Security created successfully
[2025-07-15T16:29:06.324Z] INFO: [object Object]
[2025-07-15T16:29:06.335Z] INFO: [object Object]
[2025-07-15T16:29:06.339Z] INFO: Security created successfully
[2025-07-15T16:29:06.346Z] INFO: [object Object]
[2025-07-15T16:29:19.194Z] INFO: [object Object]
[2025-07-15T16:29:19.205Z] INFO: Security created successfully
[2025-07-15T16:29:19.456Z] INFO: [object Object]
[2025-07-15T16:29:19.499Z] INFO: [object Object]
[2025-07-15T16:29:19.572Z] INFO: [object Object]
[2025-07-15T16:29:19.578Z] INFO: Security created successfully
[2025-07-15T16:29:19.600Z] INFO: [object Object]
[2025-07-15T16:31:37.278Z] INFO: [object Object]
[2025-07-15T16:31:37.282Z] INFO: Security created successfully
[2025-07-15T16:31:37.293Z] INFO: [object Object]
[2025-07-15T16:31:51.481Z] INFO: [object Object]
[2025-07-15T16:31:51.531Z] INFO: [object Object]
[2025-07-15T16:31:51.543Z] INFO: Security created successfully
[2025-07-15T16:31:51.555Z] INFO: [object Object]
[2025-07-15T16:31:51.569Z] INFO: [object Object]
[2025-07-15T16:31:51.572Z] INFO: Security created successfully
[2025-07-15T16:31:51.578Z] INFO: [object Object]
[2025-07-15T16:31:51.589Z] INFO: [object Object]
[2025-07-15T16:31:51.591Z] INFO: Security created successfully
[2025-07-15T16:31:51.601Z] INFO: [object Object]
[2025-07-15T16:31:51.611Z] INFO: [object Object]
[2025-07-15T16:31:51.614Z] INFO: Security created successfully
[2025-07-15T16:31:51.623Z] INFO: [object Object]
[2025-07-15T16:31:51.635Z] INFO: [object Object]
[2025-07-15T16:31:51.639Z] INFO: Security created successfully
[2025-07-15T16:31:51.649Z] INFO: [object Object]
[2025-07-15T16:32:04.373Z] INFO: [object Object]
[2025-07-15T16:32:04.377Z] INFO: Security created successfully
[2025-07-15T16:32:04.618Z] INFO: [object Object]
[2025-07-15T16:32:04.655Z] INFO: [object Object]
[2025-07-15T16:32:04.715Z] INFO: [object Object]
[2025-07-15T16:32:04.721Z] INFO: Security created successfully
[2025-07-15T16:32:04.734Z] INFO: [object Object]
[2025-07-15T16:33:11.602Z] INFO: [object Object]
[2025-07-15T16:33:11.647Z] INFO: [object Object]
[2025-07-15T16:33:11.653Z] INFO: Security created successfully
[2025-07-15T16:33:11.670Z] INFO: [object Object]
[2025-07-15T16:33:11.688Z] INFO: [object Object]
[2025-07-15T16:33:11.690Z] INFO: Security created successfully
[2025-07-15T16:33:11.696Z] INFO: [object Object]
[2025-07-15T16:33:11.705Z] INFO: [object Object]
[2025-07-15T16:33:11.708Z] INFO: Security created successfully
[2025-07-15T16:33:11.715Z] INFO: [object Object]
[2025-07-15T16:33:11.722Z] INFO: [object Object]
[2025-07-15T16:33:11.725Z] INFO: Security created successfully
[2025-07-15T16:33:11.731Z] INFO: [object Object]
[2025-07-15T16:33:11.740Z] INFO: [object Object]
[2025-07-15T16:33:11.743Z] INFO: Security created successfully
[2025-07-15T16:33:11.751Z] INFO: [object Object]
[2025-07-15T16:33:24.927Z] INFO: [object Object]
[2025-07-15T16:33:24.938Z] INFO: Security created successfully
[2025-07-15T16:33:25.118Z] INFO: [object Object]
[2025-07-15T16:33:25.173Z] INFO: [object Object]
[2025-07-15T16:33:25.238Z] INFO: [object Object]
[2025-07-15T16:33:25.243Z] INFO: Security created successfully
[2025-07-15T16:33:25.258Z] INFO: [object Object]
[2025-07-15T16:34:45.504Z] INFO: [object Object]
[2025-07-15T16:34:45.566Z] INFO: [object Object]
[2025-07-15T16:34:45.571Z] INFO: Security created successfully
[2025-07-15T16:34:45.601Z] INFO: [object Object]
[2025-07-15T16:39:14.756Z] INFO: [object Object]
[2025-07-15T16:39:16.397Z] INFO: [object Object]
[2025-07-15T16:39:16.401Z] INFO: Security created successfully
[2025-07-15T16:39:16.413Z] INFO: [object Object]
[2025-07-15T16:39:19.466Z] INFO: [object Object]
[2025-07-15T16:39:19.479Z] INFO: Security created successfully
[2025-07-15T16:39:19.502Z] INFO: [object Object]
[2025-07-15T16:42:21.713Z] INFO: [object Object]
[2025-07-15T16:42:21.822Z] INFO: [object Object]
[2025-07-15T16:42:21.825Z] INFO: Security created successfully
[2025-07-15T16:42:21.834Z] INFO: [object Object]
[2025-07-15T16:42:24.938Z] INFO: [object Object]
[2025-07-15T16:42:24.941Z] INFO: Security created successfully
[2025-07-15T16:42:24.947Z] INFO: [object Object]
[2025-07-15T16:43:51.398Z] INFO: [object Object]
[2025-07-15T16:43:51.514Z] INFO: [object Object]
[2025-07-15T16:43:51.519Z] INFO: Security created successfully
[2025-07-15T16:43:51.532Z] INFO: [object Object]
[2025-07-15T16:43:54.641Z] INFO: [object Object]
[2025-07-15T16:43:54.649Z] INFO: Security created successfully
[2025-07-15T16:43:54.663Z] INFO: [object Object]
[2025-07-15T16:45:14.045Z] INFO: [object Object]
[2025-07-15T16:45:14.822Z] INFO: [object Object]
[2025-07-15T16:45:14.825Z] INFO: Security created successfully
[2025-07-15T16:45:14.831Z] INFO: [object Object]
[2025-07-15T16:45:17.910Z] INFO: [object Object]
[2025-07-15T16:45:17.921Z] INFO: Security created successfully
[2025-07-15T16:45:17.943Z] INFO: [object Object]
[2025-07-15T16:47:20.214Z] INFO: [object Object]
[2025-07-15T16:47:20.315Z] INFO: [object Object]
[2025-07-15T16:47:20.318Z] INFO: Security created successfully
[2025-07-15T16:47:20.325Z] INFO: [object Object]
[2025-07-15T16:47:23.440Z] INFO: [object Object]
[2025-07-15T16:47:23.451Z] INFO: Security created successfully
[2025-07-15T16:47:23.479Z] INFO: [object Object]
[2025-07-15T16:49:45.240Z] INFO: [object Object]
[2025-07-15T16:49:45.386Z] INFO: [object Object]
[2025-07-15T16:49:45.389Z] INFO: Security created successfully
[2025-07-15T16:49:45.396Z] INFO: [object Object]
[2025-07-15T16:49:48.483Z] INFO: [object Object]
[2025-07-15T16:49:48.487Z] INFO: Security created successfully
[2025-07-15T16:49:48.495Z] INFO: [object Object]
[2025-07-15T16:51:48.126Z] INFO: [object Object]
[2025-07-15T16:51:49.195Z] INFO: [object Object]
[2025-07-15T16:51:49.198Z] INFO: Security created successfully
[2025-07-15T16:51:49.205Z] INFO: [object Object]
[2025-07-15T16:51:52.298Z] INFO: [object Object]
[2025-07-15T16:51:52.309Z] INFO: Security created successfully
[2025-07-15T16:51:52.334Z] INFO: [object Object]
[2025-07-15T16:54:12.501Z] INFO: [object Object]
[2025-07-15T16:54:12.604Z] INFO: [object Object]
[2025-07-15T16:54:12.608Z] INFO: Security created successfully
[2025-07-15T16:54:12.616Z] INFO: [object Object]
[2025-07-15T16:54:15.722Z] INFO: [object Object]
[2025-07-15T16:54:15.727Z] INFO: Security created successfully
[2025-07-15T16:54:15.736Z] INFO: [object Object]
[2025-07-15T16:57:27.140Z] INFO: [object Object]
[2025-07-15T16:57:27.822Z] INFO: [object Object]
[2025-07-15T16:57:27.825Z] INFO: Security created successfully
[2025-07-15T16:57:27.834Z] INFO: [object Object]
[2025-07-15T16:57:30.862Z] INFO: [object Object]
[2025-07-15T16:57:30.876Z] INFO: Security created successfully
[2025-07-15T16:57:30.896Z] INFO: [object Object]
[2025-07-15T17:02:18.354Z] INFO: [object Object]
[2025-07-15T17:02:18.452Z] INFO: [object Object]
[2025-07-15T17:02:18.459Z] INFO: Security created successfully
[2025-07-15T17:02:18.471Z] INFO: [object Object]
[2025-07-15T17:02:21.584Z] INFO: [object Object]
[2025-07-15T17:02:21.596Z] INFO: Security created successfully
[2025-07-15T17:02:21.623Z] INFO: [object Object]
[2025-07-15T17:05:52.714Z] INFO: [object Object]
[2025-07-15T17:05:53.680Z] INFO: [object Object]
[2025-07-15T17:05:53.683Z] INFO: Security created successfully
[2025-07-15T17:05:53.690Z] INFO: [object Object]
[2025-07-15T17:05:56.738Z] INFO: [object Object]
[2025-07-15T17:05:56.745Z] INFO: Security created successfully
[2025-07-15T17:05:56.753Z] INFO: [object Object]
[2025-07-15T17:08:17.899Z] INFO: [object Object]
[2025-07-15T17:08:17.994Z] INFO: [object Object]
[2025-07-15T17:08:17.997Z] INFO: Security created successfully
[2025-07-15T17:08:18.006Z] INFO: [object Object]
[2025-07-15T17:08:21.064Z] INFO: [object Object]
[2025-07-15T17:08:21.067Z] INFO: Security created successfully
[2025-07-15T17:08:21.074Z] INFO: [object Object]
[2025-07-15T17:10:56.452Z] INFO: [object Object]
[2025-07-15T17:10:57.032Z] INFO: [object Object]
[2025-07-15T17:10:57.034Z] INFO: Security created successfully
[2025-07-15T17:10:57.042Z] INFO: [object Object]
[2025-07-15T17:11:00.100Z] INFO: [object Object]
[2025-07-15T17:11:00.110Z] INFO: Security created successfully
[2025-07-15T17:11:00.133Z] INFO: [object Object]
[2025-07-15T17:11:17.497Z] INFO: [object Object]
[2025-07-15T17:11:17.574Z] INFO: [object Object]
[2025-07-15T17:11:17.578Z] INFO: Security created successfully
[2025-07-15T17:11:17.584Z] INFO: [object Object]
[2025-07-15T17:11:20.672Z] INFO: [object Object]
[2025-07-15T17:11:20.678Z] INFO: Security created successfully
[2025-07-15T17:11:20.686Z] INFO: [object Object]
[2025-07-15T17:11:38.578Z] INFO: [object Object]
[2025-07-15T17:11:38.676Z] INFO: [object Object]
[2025-07-15T17:11:38.679Z] INFO: Security created successfully
[2025-07-15T17:11:38.687Z] INFO: [object Object]
[2025-07-15T17:11:41.769Z] INFO: [object Object]
[2025-07-15T17:11:41.776Z] INFO: Security created successfully
[2025-07-15T17:11:41.785Z] INFO: [object Object]
[2025-07-15T17:12:41.723Z] INFO: [object Object]
[2025-07-15T17:12:41.814Z] INFO: [object Object]
[2025-07-15T17:12:41.817Z] INFO: Security created successfully
[2025-07-15T17:12:41.823Z] INFO: [object Object]
[2025-07-15T17:12:44.906Z] INFO: [object Object]
[2025-07-15T17:12:44.910Z] INFO: Security created successfully
[2025-07-15T17:12:44.919Z] INFO: [object Object]
[2025-07-15T17:14:59.170Z] INFO: [object Object]
[2025-07-15T17:14:59.298Z] INFO: [object Object]
[2025-07-15T17:14:59.301Z] INFO: Security created successfully
[2025-07-15T17:14:59.311Z] INFO: [object Object]
[2025-07-15T17:15:02.345Z] INFO: [object Object]
[2025-07-15T17:15:02.347Z] INFO: Security created successfully
[2025-07-15T17:15:02.356Z] INFO: [object Object]
[2025-07-15T17:16:56.446Z] INFO: [object Object]
[2025-07-15T17:16:57.100Z] INFO: [object Object]
[2025-07-15T17:16:57.103Z] INFO: Security created successfully
[2025-07-15T17:16:57.111Z] INFO: [object Object]
[2025-07-15T17:17:00.200Z] INFO: [object Object]
[2025-07-15T17:17:00.210Z] INFO: Security created successfully
[2025-07-15T17:17:00.225Z] INFO: [object Object]
[2025-07-15T17:17:59.881Z] INFO: [object Object]
[2025-07-15T17:17:59.987Z] INFO: [object Object]
[2025-07-15T17:17:59.996Z] INFO: Security created successfully
[2025-07-15T17:18:00.007Z] INFO: [object Object]
[2025-07-15T17:18:03.144Z] INFO: [object Object]
[2025-07-15T17:18:03.149Z] INFO: Security created successfully
[2025-07-15T17:18:03.157Z] INFO: [object Object]
[2025-07-15T17:19:30.370Z] INFO: [object Object]
[2025-07-15T17:19:30.466Z] INFO: [object Object]
[2025-07-15T17:19:30.468Z] INFO: Security created successfully
[2025-07-15T17:19:30.475Z] INFO: [object Object]
[2025-07-15T17:19:33.512Z] INFO: [object Object]
[2025-07-15T17:19:33.515Z] INFO: Security created successfully
[2025-07-15T17:19:33.524Z] INFO: [object Object]
[2025-07-15T17:20:50.260Z] INFO: [object Object]
[2025-07-15T17:20:50.355Z] INFO: [object Object]
[2025-07-15T17:20:50.361Z] INFO: Security created successfully
[2025-07-15T17:20:50.371Z] INFO: [object Object]
[2025-07-15T17:20:53.416Z] INFO: [object Object]
[2025-07-15T17:20:53.419Z] INFO: Security created successfully
[2025-07-15T17:20:53.427Z] INFO: [object Object]
[2025-07-15T17:21:54.543Z] WARN: Session expired. Please log in again.
[2025-07-15T17:21:59.936Z] INFO: Security created successfully
[2025-07-15T17:21:59.956Z] INFO: [object Object]
[2025-07-15T17:22:00.034Z] INFO: Security created successfully
[2025-07-15T17:22:00.055Z] INFO: [object Object]
[2025-07-15T17:22:02.877Z] INFO: [object Object]
[2025-07-15T17:22:02.955Z] INFO: [object Object]
[2025-07-15T17:22:02.963Z] INFO: Security created successfully
[2025-07-15T17:22:02.984Z] INFO: [object Object]
[2025-07-15T17:22:05.036Z] INFO: [object Object]
[2025-07-15T17:22:06.455Z] INFO: [object Object]
[2025-07-15T17:22:06.459Z] INFO: Security created successfully
[2025-07-15T17:22:06.471Z] INFO: [object Object]
[2025-07-15T17:22:09.536Z] INFO: [object Object]
[2025-07-15T17:22:09.547Z] INFO: Security created successfully
[2025-07-15T17:22:09.568Z] INFO: [object Object]
[2025-07-15T17:23:41.306Z] INFO: [object Object]
[2025-07-15T17:23:41.400Z] INFO: [object Object]
[2025-07-15T17:23:41.402Z] INFO: Security created successfully
[2025-07-15T17:23:41.411Z] INFO: [object Object]
[2025-07-15T17:23:44.527Z] INFO: [object Object]
[2025-07-15T17:23:44.536Z] INFO: Security created successfully
[2025-07-15T17:23:44.557Z] INFO: [object Object]
[2025-07-15T17:24:00.020Z] INFO: [object Object]
[2025-07-15T17:24:00.092Z] INFO: [object Object]
[2025-07-15T17:24:00.095Z] INFO: Security created successfully
[2025-07-15T17:24:00.101Z] INFO: [object Object]
[2025-07-15T17:24:03.132Z] INFO: [object Object]
[2025-07-15T17:24:03.136Z] INFO: Security created successfully
[2025-07-15T17:24:03.143Z] INFO: [object Object]
[2025-07-15T17:24:15.667Z] INFO: [object Object]
[2025-07-15T17:24:15.734Z] INFO: [object Object]
[2025-07-15T17:24:15.737Z] INFO: Security created successfully
[2025-07-15T17:24:15.744Z] INFO: [object Object]
[2025-07-15T17:24:19.346Z] INFO: [object Object]
[2025-07-15T17:24:19.352Z] INFO: Security created successfully
[2025-07-15T17:24:19.368Z] INFO: [object Object]
[2025-07-15T17:24:50.521Z] INFO: [object Object]
[2025-07-15T17:24:50.598Z] INFO: [object Object]
[2025-07-15T17:24:50.601Z] INFO: Security created successfully
[2025-07-15T17:24:50.607Z] INFO: [object Object]
[2025-07-15T17:24:53.642Z] INFO: [object Object]
[2025-07-15T17:24:53.649Z] INFO: Security created successfully
[2025-07-15T17:24:53.669Z] INFO: [object Object]
[2025-07-15T17:25:30.668Z] INFO: [object Object]
[2025-07-15T17:25:30.745Z] INFO: [object Object]
[2025-07-15T17:25:30.749Z] INFO: Security created successfully
[2025-07-15T17:25:30.755Z] INFO: [object Object]
[2025-07-15T17:25:33.815Z] INFO: [object Object]
[2025-07-15T17:25:33.818Z] INFO: Security created successfully
[2025-07-15T17:25:33.827Z] INFO: [object Object]
[2025-07-15T17:25:47.337Z] INFO: [object Object]
[2025-07-15T17:25:47.407Z] INFO: [object Object]
[2025-07-15T17:25:47.410Z] INFO: Security created successfully
[2025-07-15T17:25:47.416Z] INFO: [object Object]
[2025-07-15T17:25:50.476Z] INFO: [object Object]
[2025-07-15T17:25:50.487Z] INFO: Security created successfully
[2025-07-15T17:25:50.507Z] INFO: [object Object]
[2025-07-15T17:26:21.232Z] INFO: [object Object]
[2025-07-15T17:26:21.315Z] INFO: [object Object]
[2025-07-15T17:26:21.317Z] INFO: Security created successfully
[2025-07-15T17:26:21.323Z] INFO: [object Object]
[2025-07-15T17:26:24.369Z] INFO: [object Object]
[2025-07-15T17:26:24.381Z] INFO: Security created successfully
[2025-07-15T17:26:24.406Z] INFO: [object Object]
[2025-07-15T17:26:40.206Z] INFO: [object Object]
[2025-07-15T17:26:40.288Z] INFO: [object Object]
[2025-07-15T17:26:40.294Z] INFO: Security created successfully
[2025-07-15T17:26:40.304Z] INFO: [object Object]
[2025-07-15T17:26:43.317Z] INFO: [object Object]
[2025-07-15T17:26:43.320Z] INFO: Security created successfully
[2025-07-15T17:26:43.328Z] INFO: [object Object]
[2025-07-15T17:26:54.372Z] INFO: [object Object]
[2025-07-15T17:26:54.446Z] INFO: [object Object]
[2025-07-15T17:26:54.449Z] INFO: Security created successfully
[2025-07-15T17:26:54.455Z] INFO: [object Object]
[2025-07-15T17:26:57.532Z] INFO: [object Object]
[2025-07-15T17:26:57.537Z] INFO: Security created successfully
[2025-07-15T17:26:57.545Z] INFO: [object Object]
[2025-07-15T17:28:20.009Z] INFO: [object Object]
[2025-07-15T17:28:21.157Z] INFO: [object Object]
[2025-07-15T17:28:21.169Z] INFO: Security created successfully
[2025-07-15T17:28:21.183Z] INFO: [object Object]
[2025-07-15T17:29:55.488Z] INFO: [object Object]
[2025-07-15T17:29:55.596Z] INFO: [object Object]
[2025-07-15T17:29:55.599Z] INFO: Security created successfully
[2025-07-15T17:29:55.605Z] INFO: [object Object]
[2025-07-15T17:29:58.687Z] INFO: [object Object]
[2025-07-15T17:29:58.691Z] INFO: Security created successfully
[2025-07-15T17:29:58.704Z] INFO: [object Object]
[2025-07-15T17:30:17.801Z] INFO: [object Object]
[2025-07-15T17:30:17.872Z] INFO: [object Object]
[2025-07-15T17:30:17.876Z] INFO: Security created successfully
[2025-07-15T17:30:17.883Z] INFO: [object Object]
[2025-07-15T17:30:20.926Z] INFO: [object Object]
[2025-07-15T17:30:20.930Z] INFO: Security created successfully
[2025-07-15T17:30:20.939Z] INFO: [object Object]
[2025-07-15T17:30:53.620Z] INFO: [object Object]
[2025-07-15T17:30:53.687Z] INFO: [object Object]
[2025-07-15T17:30:53.690Z] INFO: Security created successfully
[2025-07-15T17:30:53.697Z] INFO: [object Object]
[2025-07-15T17:30:56.735Z] INFO: [object Object]
[2025-07-15T17:30:56.739Z] INFO: Security created successfully
[2025-07-15T17:30:56.746Z] INFO: [object Object]
[2025-07-15T17:31:06.431Z] INFO: [object Object]
[2025-07-15T17:31:06.499Z] INFO: [object Object]
[2025-07-15T17:31:06.504Z] INFO: Security created successfully
[2025-07-15T17:31:06.510Z] INFO: [object Object]
[2025-07-15T17:31:09.542Z] INFO: [object Object]
[2025-07-15T17:31:09.548Z] INFO: Security created successfully
[2025-07-15T17:31:09.555Z] INFO: [object Object]
[2025-07-15T17:31:20.761Z] INFO: [object Object]
[2025-07-15T17:31:20.829Z] INFO: [object Object]
[2025-07-15T17:31:20.833Z] INFO: Security created successfully
[2025-07-15T17:31:20.840Z] INFO: [object Object]
[2025-07-15T17:31:23.900Z] INFO: [object Object]
[2025-07-15T17:31:23.910Z] INFO: Security created successfully
[2025-07-15T17:31:23.928Z] INFO: [object Object]
[2025-07-15T17:31:44.867Z] INFO: [object Object]
[2025-07-15T17:31:44.933Z] INFO: [object Object]
[2025-07-15T17:31:44.936Z] INFO: Security created successfully
[2025-07-15T17:31:44.943Z] INFO: [object Object]
[2025-07-15T17:31:47.996Z] INFO: [object Object]
[2025-07-15T17:31:48.000Z] INFO: Security created successfully
[2025-07-15T17:31:48.007Z] INFO: [object Object]
[2025-07-15T17:32:59.770Z] INFO: [object Object]
[2025-07-15T17:32:59.833Z] INFO: [object Object]
[2025-07-15T17:32:59.836Z] INFO: Security created successfully
[2025-07-15T17:32:59.842Z] INFO: [object Object]
[2025-07-15T17:33:02.887Z] INFO: [object Object]
[2025-07-15T17:33:02.892Z] INFO: Security created successfully
[2025-07-15T17:33:02.900Z] INFO: [object Object]
[2025-07-15T17:33:38.837Z] INFO: [object Object]
[2025-07-15T17:33:39.383Z] INFO: [object Object]
[2025-07-15T17:33:39.386Z] INFO: Security created successfully
[2025-07-15T17:33:39.391Z] INFO: [object Object]
[2025-07-15T17:33:42.417Z] INFO: [object Object]
[2025-07-15T17:33:42.422Z] INFO: Security created successfully
[2025-07-15T17:33:42.431Z] INFO: [object Object]
[2025-07-15T17:33:59.943Z] INFO: [object Object]
[2025-07-15T17:34:00.028Z] INFO: [object Object]
[2025-07-15T17:34:00.031Z] INFO: Security created successfully
[2025-07-15T17:34:00.040Z] INFO: [object Object]
[2025-07-15T17:34:03.084Z] INFO: [object Object]
[2025-07-15T17:34:03.096Z] INFO: Security created successfully
[2025-07-15T17:34:03.116Z] INFO: [object Object]
[2025-07-15T17:34:13.193Z] INFO: [object Object]
[2025-07-15T17:34:13.255Z] INFO: [object Object]
[2025-07-15T17:34:13.266Z] INFO: Security created successfully
[2025-07-15T17:34:13.285Z] INFO: [object Object]
[2025-07-15T17:34:21.067Z] INFO: [object Object]
[2025-07-15T17:34:21.127Z] INFO: [object Object]
[2025-07-15T17:34:21.132Z] INFO: Security created successfully
[2025-07-15T17:34:21.142Z] INFO: [object Object]
[2025-07-15T17:34:24.179Z] INFO: [object Object]
[2025-07-15T17:34:24.190Z] INFO: Security created successfully
[2025-07-15T17:34:24.213Z] INFO: [object Object]
[2025-07-15T17:34:33.154Z] INFO: [object Object]
[2025-07-15T17:34:33.215Z] INFO: [object Object]
[2025-07-15T17:34:33.222Z] INFO: Security created successfully
[2025-07-15T17:34:33.236Z] INFO: [object Object]
[2025-07-15T17:34:43.995Z] INFO: [object Object]
[2025-07-15T17:34:44.060Z] INFO: [object Object]
[2025-07-15T17:34:44.065Z] INFO: Security created successfully
[2025-07-15T17:34:44.075Z] INFO: [object Object]
[2025-07-15T17:36:27.236Z] INFO: [object Object]
[2025-07-15T17:36:27.301Z] INFO: [object Object]
[2025-07-15T17:36:27.304Z] INFO: Security created successfully
[2025-07-15T17:36:27.314Z] INFO: [object Object]
[2025-07-15T17:36:30.359Z] INFO: [object Object]
[2025-07-15T17:36:30.372Z] INFO: Security created successfully
[2025-07-15T17:36:30.391Z] INFO: [object Object]
[2025-07-15T17:36:39.230Z] INFO: [object Object]
[2025-07-15T17:36:39.297Z] INFO: [object Object]
[2025-07-15T17:36:39.300Z] INFO: Security created successfully
[2025-07-15T17:36:39.307Z] INFO: [object Object]
[2025-07-15T17:36:42.355Z] INFO: [object Object]
[2025-07-15T17:36:42.367Z] INFO: Security created successfully
[2025-07-15T17:36:42.387Z] INFO: [object Object]
[2025-07-15T17:37:28.900Z] INFO: [object Object]
[2025-07-15T17:37:28.969Z] INFO: [object Object]
[2025-07-15T17:37:28.972Z] INFO: Security created successfully
[2025-07-15T17:37:28.978Z] INFO: [object Object]
[2025-07-15T17:37:32.018Z] INFO: [object Object]
[2025-07-15T17:37:32.021Z] INFO: Security created successfully
[2025-07-15T17:37:32.030Z] INFO: [object Object]
[2025-07-15T17:38:22.177Z] INFO: [object Object]
[2025-07-15T17:38:22.257Z] INFO: [object Object]
[2025-07-15T17:38:22.262Z] INFO: Security created successfully
[2025-07-15T17:38:22.270Z] INFO: [object Object]
[2025-07-15T17:38:40.194Z] INFO: [object Object]
[2025-07-15T17:38:40.274Z] INFO: [object Object]
[2025-07-15T17:38:40.281Z] INFO: Security created successfully
[2025-07-15T17:38:40.292Z] INFO: [object Object]
[2025-07-15T17:43:06.715Z] INFO: [object Object]
[2025-07-15T17:43:07.437Z] INFO: [object Object]
[2025-07-15T17:43:07.440Z] INFO: Security created successfully
[2025-07-15T17:43:07.447Z] INFO: [object Object]
[2025-07-15T17:43:10.478Z] INFO: [object Object]
[2025-07-15T17:43:10.489Z] INFO: Security created successfully
[2025-07-15T17:43:10.510Z] INFO: [object Object]
[2025-07-15T17:45:33.150Z] INFO: [object Object]
[2025-07-15T17:45:33.249Z] INFO: [object Object]
[2025-07-15T17:45:33.253Z] INFO: Security created successfully
[2025-07-15T17:45:33.258Z] INFO: [object Object]
[2025-07-15T17:45:36.330Z] INFO: [object Object]
[2025-07-15T17:45:36.341Z] INFO: Security created successfully
[2025-07-15T17:45:36.366Z] INFO: [object Object]
[2025-07-15T17:46:07.442Z] INFO: [object Object]
[2025-07-15T17:46:07.508Z] INFO: [object Object]
[2025-07-15T17:46:07.513Z] INFO: Security created successfully
[2025-07-15T17:46:07.519Z] INFO: [object Object]
[2025-07-15T17:46:10.556Z] INFO: [object Object]
[2025-07-15T17:46:10.560Z] INFO: Security created successfully
[2025-07-15T17:46:10.569Z] INFO: [object Object]
[2025-07-15T17:46:43.514Z] INFO: [object Object]
[2025-07-15T17:46:43.576Z] INFO: [object Object]
[2025-07-15T17:46:43.579Z] INFO: Security created successfully
[2025-07-15T17:46:43.586Z] INFO: [object Object]
[2025-07-15T17:46:46.661Z] INFO: [object Object]
[2025-07-15T17:46:46.667Z] INFO: Security created successfully
[2025-07-15T17:46:46.674Z] INFO: [object Object]
[2025-07-15T17:47:18.250Z] INFO: [object Object]
[2025-07-15T17:47:18.318Z] INFO: [object Object]
[2025-07-15T17:47:18.321Z] INFO: Security created successfully
[2025-07-15T17:47:18.329Z] INFO: [object Object]
[2025-07-15T17:47:21.379Z] INFO: [object Object]
[2025-07-15T17:47:21.386Z] INFO: Security created successfully
[2025-07-15T17:47:21.398Z] INFO: [object Object]
[2025-07-15T17:49:51.229Z] INFO: [object Object]
[2025-07-15T17:49:51.877Z] INFO: [object Object]
[2025-07-15T17:49:51.880Z] INFO: Security created successfully
[2025-07-15T17:49:51.887Z] INFO: [object Object]
[2025-07-15T17:49:54.913Z] INFO: [object Object]
[2025-07-15T17:49:54.922Z] INFO: Security created successfully
[2025-07-15T17:49:54.935Z] INFO: [object Object]
[2025-07-15T17:50:16.817Z] INFO: [object Object]
[2025-07-15T17:50:16.890Z] INFO: [object Object]
[2025-07-15T17:50:16.893Z] INFO: Security created successfully
[2025-07-15T17:50:16.902Z] INFO: [object Object]
[2025-07-15T17:50:19.940Z] INFO: [object Object]
[2025-07-15T17:50:19.944Z] INFO: Security created successfully
[2025-07-15T17:50:19.952Z] INFO: [object Object]
[2025-07-15T17:50:40.911Z] INFO: [object Object]
[2025-07-15T17:50:40.918Z] INFO: Security created successfully
[2025-07-15T17:50:40.941Z] INFO: [object Object]
[2025-07-15T17:50:43.268Z] INFO: [object Object]
[2025-07-15T17:50:43.340Z] INFO: [object Object]
[2025-07-15T17:50:43.343Z] INFO: Security created successfully
[2025-07-15T17:50:43.357Z] INFO: [object Object]
[2025-07-15T17:52:18.391Z] INFO: [object Object]
[2025-07-15T17:52:18.450Z] INFO: [object Object]
[2025-07-15T17:52:18.453Z] INFO: Security created successfully
[2025-07-15T17:52:18.459Z] INFO: [object Object]
[2025-07-15T17:52:21.524Z] INFO: [object Object]
[2025-07-15T17:52:21.527Z] INFO: Security created successfully
[2025-07-15T17:52:21.535Z] INFO: [object Object]
[2025-07-15T17:52:49.093Z] INFO: [object Object]
[2025-07-15T17:52:49.216Z] INFO: [object Object]
[2025-07-15T17:52:49.221Z] INFO: Security created successfully
[2025-07-15T17:52:49.234Z] INFO: [object Object]
[2025-07-15T17:52:52.349Z] INFO: [object Object]
[2025-07-15T17:52:52.362Z] INFO: Security created successfully
[2025-07-15T17:52:52.376Z] INFO: [object Object]
[2025-07-15T17:53:01.580Z] INFO: [object Object]
[2025-07-15T17:53:15.120Z] INFO: [object Object]
[2025-07-15T17:54:18.304Z] INFO: [object Object]
[2025-07-15T17:54:18.307Z] INFO: Security created successfully
[2025-07-15T17:54:18.447Z] INFO: [object Object]
[2025-07-15T17:55:04.330Z] INFO: [object Object]
[2025-07-15T17:56:09.093Z] INFO: [object Object]
[2025-07-15T17:56:09.097Z] INFO: Security created successfully
[2025-07-15T17:56:09.187Z] INFO: [object Object]
[2025-07-15T17:59:16.028Z] INFO: [object Object]
[2025-07-15T17:59:16.070Z] INFO: [object Object]
[2025-07-15T17:59:16.074Z] INFO: Security created successfully
[2025-07-15T17:59:16.085Z] INFO: [object Object]
[2025-07-15T17:59:17.787Z] INFO: [object Object]
[2025-07-15T17:59:18.317Z] INFO: [object Object]
[2025-07-15T17:59:18.321Z] INFO: Security created successfully
[2025-07-15T17:59:18.339Z] INFO: [object Object]
[2025-07-15T17:59:47.700Z] INFO: [object Object]
[2025-07-15T17:59:47.770Z] INFO: [object Object]
[2025-07-15T17:59:47.774Z] INFO: Security created successfully
[2025-07-15T17:59:47.803Z] INFO: [object Object]
[2025-07-15T18:19:27.454Z] INFO: [object Object]
[2025-07-15T18:19:27.459Z] INFO: Security created successfully
[2025-07-15T18:19:27.514Z] INFO: [object Object]
[2025-07-15T18:20:03.641Z] INFO: [object Object]
[2025-07-15T18:20:03.647Z] INFO: Security created successfully
[2025-07-15T18:20:03.670Z] INFO: [object Object]
[2025-07-15T18:20:14.929Z] INFO: [object Object]
[2025-07-15T18:20:14.988Z] INFO: [object Object]
[2025-07-15T18:20:14.992Z] INFO: Security created successfully
[2025-07-15T18:20:15.017Z] INFO: [object Object]
[2025-07-15T18:20:15.030Z] INFO: [object Object]
[2025-07-15T18:20:15.032Z] INFO: Security created successfully
[2025-07-15T18:20:15.038Z] INFO: [object Object]
[2025-07-15T18:20:15.050Z] INFO: [object Object]
[2025-07-15T18:20:15.053Z] INFO: Security created successfully
[2025-07-15T18:20:15.060Z] INFO: [object Object]
[2025-07-15T18:20:15.073Z] INFO: [object Object]
[2025-07-15T18:20:15.078Z] INFO: Security created successfully
[2025-07-15T18:20:15.088Z] INFO: [object Object]
[2025-07-15T18:20:15.100Z] INFO: [object Object]
[2025-07-15T18:20:15.104Z] INFO: Security created successfully
[2025-07-15T18:20:15.116Z] INFO: [object Object]
[2025-07-15T18:20:28.707Z] INFO: [object Object]
[2025-07-15T18:20:28.709Z] INFO: Security created successfully
[2025-07-15T18:20:28.944Z] INFO: [object Object]
[2025-07-15T18:20:28.985Z] INFO: [object Object]
[2025-07-15T18:20:30.222Z] INFO: [object Object]
[2025-07-15T18:20:30.231Z] INFO: Security created successfully
[2025-07-15T18:20:30.244Z] INFO: [object Object]
[2025-07-15T18:22:24.326Z] WARN: Session expired. Please log in again.
[2025-07-15T18:22:32.083Z] INFO: Security created successfully
[2025-07-15T18:22:32.097Z] INFO: [object Object]
[2025-07-15T18:22:32.146Z] INFO: Security created successfully
[2025-07-15T18:22:32.170Z] INFO: [object Object]
[2025-07-15T18:22:33.188Z] INFO: [object Object]
[2025-07-15T18:22:33.255Z] INFO: [object Object]
[2025-07-15T18:22:33.261Z] INFO: Security created successfully
[2025-07-15T18:22:33.275Z] INFO: [object Object]
[2025-07-15T18:22:35.104Z] INFO: [object Object]
[2025-07-15T18:22:35.107Z] INFO: Security created successfully
[2025-07-15T18:23:10.323Z] INFO: [object Object]
[2025-07-15T18:23:10.448Z] INFO: [object Object]
[2025-07-15T18:23:10.528Z] INFO: [object Object]
[2025-07-15T18:23:10.532Z] INFO: Security created successfully
[2025-07-15T18:23:10.545Z] INFO: [object Object]
[2025-07-15T18:23:13.578Z] INFO: [object Object]
[2025-07-15T18:23:13.581Z] INFO: Security created successfully
[2025-07-15T18:23:13.588Z] INFO: [object Object]
[2025-07-15T18:23:17.852Z] INFO: [object Object]
[2025-07-15T18:23:17.899Z] INFO: [object Object]
[2025-07-15T18:23:17.906Z] INFO: Security created successfully
[2025-07-15T18:23:17.932Z] INFO: [object Object]
[2025-07-15T18:23:22.429Z] INFO: [object Object]
[2025-07-15T18:23:22.600Z] INFO: [object Object]
[2025-07-15T18:23:22.607Z] INFO: Security created successfully
[2025-07-15T18:23:22.623Z] INFO: [object Object]
[2025-07-15T18:23:28.948Z] INFO: [object Object]
[2025-07-15T18:23:29.014Z] INFO: [object Object]
[2025-07-15T18:23:29.024Z] INFO: Security created successfully
[2025-07-15T18:23:29.039Z] INFO: [object Object]
[2025-07-20T15:01:40.601Z] INFO: Server Active http://localhost:4012
[2025-07-20T15:01:41.102Z] INFO: Server Active http://localhost:4012
[2025-07-20T15:06:36.974Z] INFO: Security created successfully
[2025-07-20T15:06:37.029Z] INFO: [object Object]
[2025-07-20T15:06:37.926Z] INFO: Server Active http://localhost:4012
[2025-07-20T15:07:31.183Z] INFO: Security created successfully
[2025-07-20T15:07:31.237Z] INFO: [object Object]
[2025-07-20T15:07:35.372Z] INFO: Security created successfully
[2025-07-20T15:07:35.389Z] INFO: [object Object]
[2025-07-20T15:08:08.899Z] INFO: Security created successfully
[2025-07-20T15:08:08.916Z] INFO: [object Object]
[2025-07-20T15:09:43.458Z] INFO: Security created successfully
[2025-07-20T15:09:43.480Z] INFO: [object Object]
[2025-07-20T15:11:26.475Z] INFO: Security created successfully
[2025-07-20T15:11:26.515Z] INFO: [object Object]
[2025-07-20T15:11:27.571Z] INFO: Security created successfully
[2025-07-20T15:11:27.595Z] INFO: [object Object]
[2025-07-20T15:13:53.299Z] INFO: [object Object]
[2025-07-20T15:13:53.369Z] INFO: Security created successfully
[2025-07-20T15:13:53.448Z] INFO: [object Object]
[2025-07-20T15:16:10.085Z] INFO: [object Object]
[2025-07-20T15:16:10.191Z] INFO: [object Object]
[2025-07-20T15:16:10.201Z] INFO: Security created successfully
[2025-07-20T15:16:10.258Z] INFO: [object Object]
[2025-07-20T15:20:36.212Z] INFO: [object Object]
[2025-07-20T15:20:36.319Z] INFO: [object Object]
[2025-07-20T15:20:36.330Z] INFO: Security created successfully
[2025-07-20T15:20:36.351Z] INFO: [object Object]
[2025-07-20T15:20:51.345Z] INFO: [object Object]
[2025-07-20T15:22:11.752Z] INFO: [object Object]
[2025-07-20T15:25:11.049Z] INFO: [object Object]
[2025-07-20T15:25:11.062Z] INFO: Security created successfully
[2025-07-20T15:25:11.186Z] INFO: [object Object]
[2025-07-20T15:25:25.224Z] INFO: [object Object]
[2025-07-20T15:25:25.237Z] INFO: Security created successfully
[2025-07-20T15:25:25.264Z] INFO: [object Object]
[2025-07-20T15:29:12.609Z] INFO: [object Object]
[2025-07-20T15:29:12.680Z] INFO: [object Object]
[2025-07-20T15:29:12.685Z] INFO: Security created successfully
[2025-07-20T15:29:12.736Z] INFO: [object Object]
[2025-07-20T15:29:14.926Z] INFO: [object Object]
[2025-07-20T15:29:18.888Z] INFO: [object Object]
[2025-07-20T15:29:18.892Z] INFO: Security created successfully
[2025-07-20T15:29:18.949Z] INFO: [object Object]
[2025-07-20T15:33:02.567Z] INFO: [object Object]
[2025-07-20T15:33:02.573Z] INFO: Security created successfully
[2025-07-20T15:33:02.593Z] INFO: [object Object]
[2025-07-20T15:33:17.111Z] INFO: [object Object]
[2025-07-20T15:33:17.118Z] INFO: Security created successfully
[2025-07-20T15:33:17.257Z] INFO: [object Object]
[2025-07-20T15:33:17.408Z] INFO: [object Object]
[2025-07-20T15:33:17.471Z] INFO: [object Object]
[2025-07-20T15:33:17.479Z] INFO: Security created successfully
[2025-07-20T15:33:17.497Z] INFO: [object Object]
