[2025-07-02T18:43:48.955Z] INFO: Account 1: creating instance 1
[2025-07-02T18:43:48.957Z] INFO: Creating instance 1...
[2025-07-02T18:43:48.960Z] INFO: Server Active http://localhost:3001
[2025-07-02T18:43:55.978Z] WARN: Instance i-05e4123888c27944c is still not available. Retrying...
[2025-07-02T18:44:01.558Z] INFO: Current status of i-05e4123888c27944c: pending
[2025-07-02T18:44:06.884Z] INFO: Current status of i-05e4123888c27944c: pending
[2025-07-02T18:44:12.151Z] INFO: Current status of i-05e4123888c27944c: running
[2025-07-02T18:44:14.330Z] INFO: Account 1: instance 1 completed
[2025-07-02T18:44:14.331Z] INFO: Account 1: creating instance 2
[2025-07-02T18:44:14.333Z] INFO: Creating instance 2...
[2025-07-02T18:44:20.868Z] WARN: Instance i-0df80346e67f73fc8 is still not available. Retrying...
[2025-07-02T18:44:26.537Z] INFO: Current status of i-0df80346e67f73fc8: pending
[2025-07-02T18:44:31.711Z] WARN: Instance i-0df80346e67f73fc8 is still not available. Retrying...
[2025-07-02T18:44:37.302Z] INFO: Current status of i-0df80346e67f73fc8: running
[2025-07-02T18:44:38.788Z] INFO: Account 1: instance 2 completed
[2025-07-02T18:44:38.789Z] INFO: Account 1: creating instance 3
[2025-07-02T18:44:38.789Z] INFO: Creating instance 3...
[2025-07-02T18:44:45.277Z] INFO: Current status of i-0d87e1f86138615b8: pending
[2025-07-02T18:44:50.487Z] INFO: Current status of i-0d87e1f86138615b8: pending
[2025-07-02T18:44:55.667Z] WARN: Instance i-0d87e1f86138615b8 is still not available. Retrying...
[2025-07-02T18:45:01.446Z] INFO: Current status of i-0d87e1f86138615b8: running
[2025-07-02T18:45:03.084Z] INFO: Account 1: instance 3 completed
[2025-07-02T18:45:03.085Z] INFO: Account 1: creating instance 4
[2025-07-02T18:45:03.085Z] INFO: Creating instance 4...
[2025-07-02T18:45:09.805Z] INFO: Current status of i-058dbccff315a7b23: pending
[2025-07-02T18:45:15.756Z] INFO: Current status of i-058dbccff315a7b23: pending
[2025-07-02T18:45:20.958Z] WARN: Instance i-058dbccff315a7b23 is still not available. Retrying...
[2025-07-02T18:45:26.682Z] INFO: Current status of i-058dbccff315a7b23: running
[2025-07-02T18:45:28.312Z] INFO: Account 1: instance 4 completed
[2025-07-02T18:45:28.313Z] INFO: Account 1: creating instance 5
[2025-07-02T18:45:28.314Z] INFO: Creating instance 5...
[2025-07-02T18:45:34.725Z] WARN: Instance i-04b57195e9ceb8f20 is still not available. Retrying...
[2025-07-02T18:45:42.524Z] INFO: Current status of i-04b57195e9ceb8f20: pending
[2025-07-02T18:45:47.716Z] INFO: Current status of i-04b57195e9ceb8f20: pending
[2025-07-02T18:45:52.957Z] INFO: Current status of i-04b57195e9ceb8f20: running
[2025-07-02T18:45:54.635Z] INFO: Account 1: instance 5 completed
[2025-07-02T18:45:54.636Z] INFO: Account 1: creating instance 6
[2025-07-02T18:45:54.637Z] INFO: Creating instance 6...
[2025-07-02T18:46:01.112Z] WARN: Instance i-0d323a0fe326c3345 is still not available. Retrying...
[2025-07-02T18:46:06.854Z] INFO: Current status of i-0d323a0fe326c3345: pending
[2025-07-02T18:46:12.200Z] INFO: Current status of i-0d323a0fe326c3345: pending
[2025-07-02T18:46:17.445Z] INFO: Current status of i-0d323a0fe326c3345: running
[2025-07-02T18:46:19.004Z] INFO: Account 1: instance 6 completed
[2025-07-02T18:46:19.005Z] INFO: Account 1: creating instance 7
[2025-07-02T18:46:19.005Z] INFO: Creating instance 7...
[2025-07-02T18:46:25.664Z] INFO: Current status of i-0036c4c148d703516: pending
[2025-07-02T18:46:30.887Z] INFO: Current status of i-0036c4c148d703516: pending
[2025-07-02T18:46:36.053Z] WARN: Instance i-0036c4c148d703516 is still not available. Retrying...
[2025-07-02T18:46:41.724Z] INFO: Current status of i-0036c4c148d703516: running
[2025-07-02T18:46:42.176Z] INFO: Account 1: instance 7 completed
[2025-07-02T18:46:42.177Z] INFO: All instances were created successfully.
[2025-07-02T18:46:42.722Z] INFO: ✅ Monitoring: The instance Bull User (i-05e4123888c27944c) is still "running"
[2025-07-02T18:46:42.875Z] ERROR: ❌ Error monitoring instance i-0df80346e67f73fc8: The instance ID 'i-0df80346e67f73fc8' does not exist
[2025-07-02T18:46:43.530Z] INFO: ✅ Monitoring: The instance Bull Code (i-0d87e1f86138615b8) is still "running"
[2025-07-02T18:46:43.725Z] ERROR: ❌ Error monitoring instance i-058dbccff315a7b23: The instance ID 'i-058dbccff315a7b23' does not exist
[2025-07-02T18:46:44.357Z] INFO: ✅ Monitoring: The instance Messaging (i-04b57195e9ceb8f20) is still "running"
[2025-07-02T18:46:44.591Z] INFO: ✅ Monitoring: The instance Orchestrator (i-0d323a0fe326c3345) is still "running"
[2025-07-02T18:46:44.785Z] ERROR: ❌ Error monitoring instance i-0036c4c148d703516: The instance ID 'i-0036c4c148d703516' does not exist
[2025-07-02T18:47:45.294Z] ERROR: ❌ Error monitoring instance i-05e4123888c27944c: The instance ID 'i-05e4123888c27944c' does not exist
[2025-07-02T18:47:45.833Z] INFO: ✅ Monitoring: The instance Mysql (i-0df80346e67f73fc8) is still "running"
[2025-07-02T18:47:46.080Z] INFO: ✅ Monitoring: The instance Bull Code (i-0d87e1f86138615b8) is still "running"
[2025-07-02T18:47:46.266Z] ERROR: ❌ Error monitoring instance i-058dbccff315a7b23: The instance ID 'i-058dbccff315a7b23' does not exist
[2025-07-02T18:47:46.874Z] INFO: ✅ Monitoring: The instance Messaging (i-04b57195e9ceb8f20) is still "running"
[2025-07-02T18:47:47.066Z] INFO: ✅ Monitoring: The instance Orchestrator (i-0d323a0fe326c3345) is still "running"
[2025-07-02T18:47:47.301Z] INFO: ✅ Monitoring: The instance Front (i-0036c4c148d703516) is still "running"
[2025-07-02T18:48:48.206Z] ERROR: ⚠️ ALERT: Instance Bull User (i-05e4123888c27944c) is in state "terminated"
[2025-07-02T18:48:48.667Z] ERROR: ⚠️ ALERT: Instance Mysql (i-0df80346e67f73fc8) is in state "terminated"
[2025-07-02T18:48:49.260Z] ERROR: ⚠️ ALERT: Instance Bull Code (i-0d87e1f86138615b8) is in state "terminated"
[2025-07-02T18:48:49.667Z] ERROR: ⚠️ ALERT: Instance Kafka (i-058dbccff315a7b23) is in state "terminated"
[2025-07-02T18:48:50.070Z] ERROR: ⚠️ ALERT: Instance Messaging (i-04b57195e9ceb8f20) is in state "terminated"
[2025-07-02T18:48:50.504Z] ERROR: ⚠️ ALERT: Instance Orchestrator (i-0d323a0fe326c3345) is in state "terminated"
[2025-07-02T18:48:50.895Z] ERROR: ⚠️ ALERT: Instance Front (i-0036c4c148d703516) is in state "terminated"
[2025-07-02T18:51:40.020Z] INFO: Account 1: creating instance 1
[2025-07-02T18:51:40.022Z] INFO: Creating instance 1...
[2025-07-02T18:51:40.024Z] INFO: Server Active http://localhost:3001
[2025-07-02T18:51:47.207Z] INFO: Current status of i-06452393cff2114bb: pending
[2025-07-02T18:51:52.410Z] WARN: Instance i-06452393cff2114bb is still not available. Retrying...
[2025-07-02T18:51:58.217Z] INFO: Current status of i-06452393cff2114bb: pending
[2025-07-02T18:52:03.483Z] INFO: Current status of i-06452393cff2114bb: running
[2025-07-02T18:52:05.748Z] INFO: Account 1: instance 1 completed
[2025-07-02T18:52:05.749Z] INFO: Account 1: creating instance 2
[2025-07-02T18:52:05.751Z] INFO: Creating instance 2...
[2025-07-02T18:52:12.455Z] INFO: Current status of i-0faffd1830428839c: pending
[2025-07-02T18:52:17.747Z] INFO: Current status of i-0faffd1830428839c: pending
[2025-07-02T18:52:22.963Z] INFO: Current status of i-0faffd1830428839c: pending
[2025-07-02T18:52:28.174Z] INFO: Current status of i-0faffd1830428839c: pending
[2025-07-02T18:52:33.616Z] INFO: Current status of i-0faffd1830428839c: running
[2025-07-02T18:52:35.585Z] INFO: Account 1: instance 2 completed
[2025-07-02T18:52:35.586Z] INFO: Account 1: creating instance 3
[2025-07-02T18:52:35.587Z] INFO: Creating instance 3...
[2025-07-02T18:52:42.144Z] INFO: Current status of i-01523d0bfd2b3d0bd: pending
[2025-07-02T18:52:47.361Z] INFO: Current status of i-01523d0bfd2b3d0bd: pending
[2025-07-02T18:52:53.355Z] INFO: Current status of i-01523d0bfd2b3d0bd: pending
[2025-07-02T18:52:58.682Z] INFO: Current status of i-01523d0bfd2b3d0bd: running
[2025-07-02T18:53:00.547Z] INFO: Account 1: instance 3 completed
[2025-07-02T18:53:00.548Z] INFO: All instances were created successfully.
[2025-07-02T18:53:08.307Z] INFO: ✅ Monitoring: The instance Bull User (i-06452393cff2114bb) is still "running"
[2025-07-02T18:53:08.589Z] INFO: ✅ Monitoring: The instance Mysql (i-0faffd1830428839c) is still "running"
[2025-07-02T18:53:08.863Z] INFO: ✅ Monitoring: The instance Bull Code (i-01523d0bfd2b3d0bd) is still "running"
[2025-07-02T18:54:09.077Z] INFO: ✅ Monitoring: The instance Bull User (i-06452393cff2114bb) is still "running"
[2025-07-02T18:54:09.266Z] INFO: ✅ Monitoring: The instance Mysql (i-0faffd1830428839c) is still "running"
[2025-07-02T18:54:09.469Z] INFO: ✅ Monitoring: The instance Bull Code (i-01523d0bfd2b3d0bd) is still "running"
[2025-07-02T18:55:10.400Z] ERROR: ⚠️ ALERT: Instance Bull User (i-06452393cff2114bb) is in state "terminated"
[2025-07-02T18:55:11.012Z] ERROR: ⚠️ ALERT: Instance Mysql (i-0faffd1830428839c) is in state "shutting-down"
[2025-07-02T18:55:11.419Z] ERROR: ⚠️ ALERT: Instance Bull Code (i-01523d0bfd2b3d0bd) is in state "terminated"
