[2025-07-13T19:23:47.122Z] INFO: Server Active http://localhost:4026
[2025-07-13T19:23:48.123Z] INFO: Server Active http://localhost:4026
[2025-07-13T19:39:43.104Z] INFO: Processing job: {"Id":"1111111111","Token":"eyJhbGciOiJIUzI1NiIsInR5cCI6IkpXVCJ9.eyJJZCI6IjExMTExMTExMTEiLCJpYXQiOjE3NTI0MzU1ODMsImV4cCI6MTc1MjQzOTE4M30.uE9ohedjnqiRz6TLqlMdjAjLzuwtTIu5vwvVcR5ZJvI","Filter":{"Id":"1111111111"}}
[2025-07-13T19:39:43.158Z] INFO: Read_Story: [object Object],[object Object],[object Object]
[2025-07-13T19:41:13.828Z] INFO: Processing job: {"Id":"1111111111","Token":"eyJhbGciOiJIUzI1NiIsInR5cCI6IkpXVCJ9.eyJJZCI6IjExMTExMTExMTEiLCJpYXQiOjE3NTI0MzU2NzMsImV4cCI6MTc1MjQzOTI3M30.50Lz0O2mHtFfc_G7rfSHksLNiXNBxOcHfcRcRMS2EKw","Filter":{"Id":"1111111111"}}
[2025-07-13T19:41:13.848Z] INFO: Read_Story: [object Object],[object Object],[object Object]
[2025-07-13T19:41:16.869Z] INFO: Processing job: {"Id":"1111111111","Token":"eyJhbGciOiJIUzI1NiIsInR5cCI6IkpXVCJ9.eyJJZCI6IjExMTExMTExMTEiLCJpYXQiOjE3NTI0MzU2NzYsImV4cCI6MTc1MjQzOTI3Nn0.fdPbJzwUA13iC1Ay7nAw6tpN_azdZ7E7n5ZP1NscE-s","Filter":{"Id":"1111111111"}}
[2025-07-13T19:41:16.884Z] INFO: Read_Story: [object Object],[object Object],[object Object]
[2025-07-13T19:41:45.867Z] INFO: Processing job: {"Id":"1111111111","Token":"eyJhbGciOiJIUzI1NiIsInR5cCI6IkpXVCJ9.eyJJZCI6IjExMTExMTExMTEiLCJpYXQiOjE3NTI0MzU3MDUsImV4cCI6MTc1MjQzOTMwNX0._HToiMqF89s-5wNhXC2ZPV6WqbGNZEre0DoPFZc5DDY","Filter":{"Id":"1111111111"}}
[2025-07-13T19:41:45.886Z] INFO: Read_Story: [object Object],[object Object],[object Object]
[2025-07-13T19:41:48.911Z] INFO: Processing job: {"Id":"1111111111","Token":"eyJhbGciOiJIUzI1NiIsInR5cCI6IkpXVCJ9.eyJJZCI6IjExMTExMTExMTEiLCJpYXQiOjE3NTI0MzU3MDgsImV4cCI6MTc1MjQzOTMwOH0.g59-vTuZ-VgdSOJuS6fXI_1dEDS8i-gk_bq7EGTI41g","Filter":{"Id":"1111111111"}}
[2025-07-13T19:41:48.937Z] INFO: Read_Story: [object Object],[object Object],[object Object]
[2025-07-15T11:51:23.240Z] INFO: Server Active http://localhost:4026
[2025-07-15T11:51:24.295Z] INFO: Server Active http://localhost:4026
[2025-07-15T11:52:48.857Z] INFO: Processing job: {"Id":"1111111111","Token":"eyJhbGciOiJIUzI1NiIsInR5cCI6IkpXVCJ9.eyJJZCI6IjExMTExMTExMTEiLCJpYXQiOjE3NTI1ODAzNjgsImV4cCI6MTc1MjU4Mzk2OH0.7pKsaEJIUHs7XwHCUXW327d-hUYuvQJESTWWjz2FTaE","Filter":{"Id":"1111111111"}}
[2025-07-15T11:52:48.945Z] INFO: Read_Story: [object Object],[object Object],[object Object]
[2025-07-15T12:04:07.530Z] INFO: Processing job: {"Id":"1111111111","Token":"eyJhbGciOiJIUzI1NiIsInR5cCI6IkpXVCJ9.eyJJZCI6IjExMTExMTExMTEiLCJpYXQiOjE3NTI1ODEwNDcsImV4cCI6MTc1MjU4NDY0N30.i4EgsslavPcS4yNwIy09g9ep_u7pAXA-xD6Cy1iOD_o","Filter":{"Id":"1111111111"}}
[2025-07-15T12:04:07.573Z] INFO: Read_Story: [object Object],[object Object],[object Object]
[2025-07-15T12:34:15.140Z] INFO: Server Active http://localhost:4026
[2025-07-15T14:54:39.911Z] INFO: Server Active http://localhost:4026
[2025-07-15T14:54:40.844Z] INFO: Server Active http://localhost:4026
[2025-07-15T16:21:18.533Z] INFO: Server Active http://localhost:4026
[2025-07-15T16:21:19.488Z] INFO: Server Active http://localhost:4026
[2025-07-15T16:34:45.580Z] INFO: Processing job: {"Id":"1111111111","Token":"eyJhbGciOiJIUzI1NiIsInR5cCI6IkpXVCJ9.eyJJZCI6IjExMTExMTExMTEiLCJpYXQiOjE3NTI1OTcyODUsImV4cCI6MTc1MjYwMDg4NX0.ziYSGIkO6-F3X0YO2sdmN5pTvB5rani5bh_u6mnA1xY","Filter":{"Id":"1111111111"}}
[2025-07-15T16:34:45.654Z] INFO: Read_Story: [object Object],[object Object],[object Object],[object Object],[object Object],[object Object],[object Object],[object Object],[object Object]
[2025-07-15T17:22:02.972Z] INFO: Processing job: {"Id":"1111111111","Token":"eyJhbGciOiJIUzI1NiIsInR5cCI6IkpXVCJ9.eyJJZCI6IjExMTExMTExMTEiLCJpYXQiOjE3NTI2MDAxMjIsImV4cCI6MTc1MjYwMzcyMn0.jmSiRD4b9Ef0aabZEY4Y2vLM_EVCvWFQt2Dby5XFaFQ","Filter":{"Id":"1111111111"}}
[2025-07-15T17:22:03.053Z] INFO: Read_Story: [object Object],[object Object],[object Object],[object Object],[object Object],[object Object],[object Object],[object Object],[object Object]
[2025-07-15T17:50:40.932Z] INFO: Processing job: {"Id":"1111111111","Token":"eyJhbGciOiJIUzI1NiIsInR5cCI6IkpXVCJ9.eyJJZCI6IjExMTExMTExMTEiLCJpYXQiOjE3NTI2MDE4NDAsImV4cCI6MTc1MjYwNTQ0MH0.gCLJcezGAXX0StBqliyDSdH5NMGr3iqfzx8mfDbr3gs","Filter":{"Id":"1111111111"}}
[2025-07-15T17:50:40.990Z] INFO: Read_Story: [object Object],[object Object],[object Object],[object Object],[object Object],[object Object],[object Object],[object Object],[object Object]
[2025-07-15T17:59:16.079Z] INFO: Processing job: {"Id":"1111111111","Token":"eyJhbGciOiJIUzI1NiIsInR5cCI6IkpXVCJ9.eyJJZCI6IjExMTExMTExMTEiLCJpYXQiOjE3NTI2MDIzNTYsImV4cCI6MTc1MjYwNTk1Nn0.-nuxBunUoDAp0rrKKRu5UVhyNltpu2sz_Wr9QlHor2U","Filter":{"Id":"1111111111"}}
[2025-07-15T17:59:16.145Z] INFO: Read_Story: [object Object],[object Object],[object Object],[object Object],[object Object],[object Object],[object Object],[object Object],[object Object]
[2025-07-15T18:23:17.923Z] INFO: Processing job: {"Id":"1111111111","Token":"eyJhbGciOiJIUzI1NiIsInR5cCI6IkpXVCJ9.eyJJZCI6IjExMTExMTExMTEiLCJpYXQiOjE3NTI2MDM3OTcsImV4cCI6MTc1MjYwNzM5N30.7UqFoQO2_r8SIt6JqnQU7957YRLXnHhpxHdvgJtdDfM","Filter":{"Id":"1111111111"}}
[2025-07-15T18:23:17.979Z] INFO: Read_Story: [object Object],[object Object],[object Object],[object Object],[object Object],[object Object],[object Object],[object Object],[object Object],[object Object]
