[2025-07-13T19:02:06.060Z] INFO: Server Active http://localhost:4009
[2025-07-13T19:02:06.877Z] INFO: Server Active http://localhost:4009
[2025-07-13T19:08:26.472Z] INFO: Processing job: {"Id":"1111111111","Password":"123456","Token":"eyJhbGciOiJIUzI1NiIsInR5cCI6IkpXVCJ9.eyJJZCI6IjExMTExMTExMTEiLCJpYXQiOjE3NTI0MzM3MDYsImV4cCI6MTc1MjQzNzMwNn0.pr7J1VxTnIFbyUDFdrXngEQ3P8qmI7edesXsh9GSRTc"}
[2025-07-13T19:08:26.498Z] INFO: Verify_User: [object Object]
[2025-07-13T19:09:13.777Z] INFO: Processing job: {"Id":"1111111111","Password":"123456","Token":"eyJhbGciOiJIUzI1NiIsInR5cCI6IkpXVCJ9.eyJJZCI6IjExMTExMTExMTEiLCJpYXQiOjE3NTI0MzM3NTMsImV4cCI6MTc1MjQzNzM1M30.cyVaHYx9VUC4rEUg-i5kUNovqK1uS-2jf08YMM_-HJ8"}
[2025-07-13T19:09:13.785Z] INFO: Verify_User: [object Object]
[2025-07-15T11:48:27.935Z] INFO: Server Active http://localhost:4009
[2025-07-15T11:48:28.743Z] INFO: Server Active http://localhost:4009
[2025-07-15T11:52:44.674Z] INFO: Processing job: {"Id":"1111111111","Password":"123456","Token":"eyJhbGciOiJIUzI1NiIsInR5cCI6IkpXVCJ9.eyJJZCI6IjExMTExMTExMTEiLCJpYXQiOjE3NTI1ODAzNjQsImV4cCI6MTc1MjU4Mzk2NH0.7FkbUyR6bynJBPCs-QFiHCJrwdzbrOQuHkvsLq94b98"}
[2025-07-15T11:52:44.719Z] INFO: Verify_User: [object Object]
[2025-07-15T12:33:16.585Z] INFO: Server Active http://localhost:4009
[2025-07-15T12:56:50.618Z] INFO: Processing job: {"Id":"1111111111","Password":"123456","Token":"eyJhbGciOiJIUzI1NiIsInR5cCI6IkpXVCJ9.eyJJZCI6IjExMTExMTExMTEiLCJpYXQiOjE3NTI1ODQyMTAsImV4cCI6MTc1MjU4NzgxMH0.cbIZRcmbgpxMPWcFYahjgivLggbI6LtR7171V4OmswE"}
[2025-07-15T12:56:50.668Z] INFO: Verify_User: [object Object]
[2025-07-15T12:56:55.738Z] INFO: Processing job: {"Id":"1111111111","Password":"123456","Token":"eyJhbGciOiJIUzI1NiIsInR5cCI6IkpXVCJ9.eyJJZCI6IjExMTExMTExMTEiLCJpYXQiOjE3NTI1ODQyMTUsImV4cCI6MTc1MjU4NzgxNX0.KHtVsrDoMLt0xx80qzkJ5SJHV8Ld4fYbbKeOg38KUFY"}
[2025-07-15T12:56:55.748Z] INFO: Verify_User: [object Object]
[2025-07-15T14:54:07.185Z] INFO: Server Active http://localhost:4009
[2025-07-15T14:54:07.947Z] INFO: Server Active http://localhost:4009
[2025-07-15T14:55:07.344Z] INFO: Processing job: {"Id":"1111111111","Password":"123456","Token":"eyJhbGciOiJIUzI1NiIsInR5cCI6IkpXVCJ9.eyJJZCI6IjExMTExMTExMTEiLCJpYXQiOjE3NTI1OTEzMDcsImV4cCI6MTc1MjU5NDkwN30.fQ84HzedHVVTFkiNYoF0q5Ulxj4ICo18ySJq71LPJFg"}
[2025-07-15T14:55:07.421Z] INFO: Verify_User: [object Object]
[2025-07-15T14:56:08.569Z] INFO: Processing job: {"Id":"1111111111","Password":"123456","Token":"eyJhbGciOiJIUzI1NiIsInR5cCI6IkpXVCJ9.eyJJZCI6IjExMTExMTExMTEiLCJpYXQiOjE3NTI1OTEzNjgsImV4cCI6MTc1MjU5NDk2OH0.b-M6NmdXGV3PKheobijPC-XqaWeGBopgDg-GeYTK0xk"}
[2025-07-15T14:56:08.585Z] INFO: Verify_User: [object Object]
[2025-07-15T14:56:29.885Z] INFO: Processing job: {"Id":"1111111111","Password":"123456","Token":"eyJhbGciOiJIUzI1NiIsInR5cCI6IkpXVCJ9.eyJJZCI6IjExMTExMTExMTEiLCJpYXQiOjE3NTI1OTEzODksImV4cCI6MTc1MjU5NDk4OX0.ftPWMicwJ_h66gYQv9rMlORI0Yf4dUlADpeIAZ94AG4"}
[2025-07-15T14:56:29.890Z] INFO: Verify_User: [object Object]
[2025-07-15T16:20:48.171Z] INFO: Server Active http://localhost:4009
[2025-07-15T16:20:48.891Z] INFO: Server Active http://localhost:4009
[2025-07-15T16:21:52.525Z] INFO: Processing job: {"Id":"1111111111","Password":"123456","Token":"eyJhbGciOiJIUzI1NiIsInR5cCI6IkpXVCJ9.eyJJZCI6IjExMTExMTExMTEiLCJpYXQiOjE3NTI1OTY1MTIsImV4cCI6MTc1MjYwMDExMn0.GP8_rWsS0FzPlJBVoF82vuE75r8YNUJ8TFi4jIVEapg"}
[2025-07-15T16:21:52.578Z] INFO: Verify_User: [object Object]
[2025-07-15T17:21:59.945Z] INFO: Processing job: {"Id":"1111111111","Password":"123456","Token":"eyJhbGciOiJIUzI1NiIsInR5cCI6IkpXVCJ9.eyJJZCI6IjExMTExMTExMTEiLCJpYXQiOjE3NTI2MDAxMTksImV4cCI6MTc1MjYwMzcxOX0.j9ET5KFIBM5HcMU4o_VH704l79UNJANuB55k8pSJz40"}
[2025-07-15T17:21:59.959Z] INFO: Verify_User: [object Object]
[2025-07-15T18:22:32.090Z] INFO: Processing job: {"Id":"1111111111","Password":"123456","Token":"eyJhbGciOiJIUzI1NiIsInR5cCI6IkpXVCJ9.eyJJZCI6IjExMTExMTExMTEiLCJpYXQiOjE3NTI2MDM3NTIsImV4cCI6MTc1MjYwNzM1Mn0.-jcBlIrZHAWWUGcMFFi3lfHlZSgRSUqF6eIcsdN4ZZw"}
[2025-07-15T18:22:32.099Z] INFO: Verify_User: [object Object]
