[2025-07-13T19:01:53.336Z] INFO: Server Active http://localhost:4001
[2025-07-13T19:05:33.100Z] INFO: Processing job: {"Id":"1111111111","Phone":"0987579898","Token":"eyJhbGciOiJIUzI1NiIsInR5cCI6IkpXVCJ9.eyJJZCI6IjExMTExMTExMTEiLCJpYXQiOjE3NTI0MzM1MzMsImV4cCI6MTc1MjQzNzEzM30.it7BiiYoq0197C0ZGwZ1F_zwnsBI1C56ctoShqq5B8w"}
[2025-07-13T19:05:33.121Z] INFO: Verification: [object Object]
[2025-07-13T19:05:34.331Z] INFO: Server Active http://localhost:4001
[2025-07-13T19:06:22.348Z] INFO: Processing job: {"Id":"1111111111","Phone":"0987579898","Token":"eyJhbGciOiJIUzI1NiIsInR5cCI6IkpXVCJ9.eyJJZCI6IjExMTExMTExMTEiLCJpYXQiOjE3NTI0MzM1ODIsImV4cCI6MTc1MjQzNzE4Mn0.L4frf-Sy4Q-Fj9HkqVTEptBCJtwZ_deR6fQnaubqbkw"}
[2025-07-13T19:06:22.382Z] INFO: Verification: [object Object]
[2025-07-15T11:48:16.241Z] INFO: Server Active http://localhost:4001
[2025-07-15T11:48:17.227Z] INFO: Server Active http://localhost:4001
[2025-07-15T12:33:17.535Z] INFO: Server Active http://localhost:4001
[2025-07-20T15:00:42.936Z] INFO: Server Active http://localhost:4001
[2025-07-20T15:06:36.999Z] INFO: Processing job: {"Id":"1111111111","Phone":"0987579898","Token":"eyJhbGciOiJIUzI1NiIsInR5cCI6IkpXVCJ9.eyJJZCI6IjExMTExMTExMTEiLCJpYXQiOjE3NTMwMjM5OTYsImV4cCI6MTc1MzAyNzU5Nn0.wAvY4A61KWtX73EkN_Qx_ekiA7dUw23H245cmSj-cjs"}
[2025-07-20T15:06:37.037Z] INFO: Verification: [object Object]
[2025-07-20T15:07:31.221Z] INFO: Processing job: {"Id":"1111111111","Phone":"0987579898","Token":"eyJhbGciOiJIUzI1NiIsInR5cCI6IkpXVCJ9.eyJJZCI6IjExMTExMTExMTEiLCJpYXQiOjE3NTMwMjQwNTEsImV4cCI6MTc1MzAyNzY1MX0.isSSWNkjv_paVZ38CmPS4daFLPogtOKjFozhFt5nHzw"}
[2025-07-20T15:07:31.241Z] INFO: Verification: [object Object]
[2025-07-20T15:07:35.382Z] INFO: Processing job: {"Id":"1111111112","Phone":"0987579898","Token":"eyJhbGciOiJIUzI1NiIsInR5cCI6IkpXVCJ9.eyJJZCI6IjExMTExMTExMTIiLCJpYXQiOjE3NTMwMjQwNTUsImV4cCI6MTc1MzAyNzY1NX0.l2CUEzFK4MWEe55h4-DZTnJlrH7P3i5ESYMFHjHIjb0"}
[2025-07-20T15:07:35.394Z] INFO: Verification: [object Object]
[2025-07-20T15:08:08.909Z] INFO: Processing job: {"Id":"1111111112","Phone":"0987579898","Token":"eyJhbGciOiJIUzI1NiIsInR5cCI6IkpXVCJ9.eyJJZCI6IjExMTExMTExMTIiLCJpYXQiOjE3NTMwMjQwODgsImV4cCI6MTc1MzAyNzY4OH0.nSlZTssgjb69f53BL8-Lv3eJ-B1BfvkcYDgVnLr01w0"}
[2025-07-20T15:08:08.921Z] INFO: Verification: [object Object]
[2025-07-20T15:09:15.860Z] INFO: Server Active http://localhost:4001
[2025-07-20T15:09:16.705Z] INFO: Server Active http://localhost:4001
[2025-07-20T15:09:43.466Z] INFO: Processing job: {"Id":"1111111112","Phone":"0987579898","Token":"eyJhbGciOiJIUzI1NiIsInR5cCI6IkpXVCJ9.eyJJZCI6IjExMTExMTExMTIiLCJpYXQiOjE3NTMwMjQxODMsImV4cCI6MTc1MzAyNzc4M30.SfQ1GMEbN3GukgmQA8ia4WFGRb8bzQ6NPgzrpH9JYgM"}
[2025-07-20T15:09:43.487Z] INFO: Verification: [object Object]
[2025-07-20T15:09:44.467Z] INFO: Server Active http://localhost:4001
